0 verbose cli C:\Program Files\nodejs\node.exe C:\Program Files\nodejs\node_modules\npm\bin\npm-cli.js
1 info using npm@11.6.2
2 info using node@v24.12.0
3 silly config load:file:C:\Program Files\nodejs\node_modules\npm\npmrc
4 silly config load:file:D:\waler\.npmrc
5 silly config load:file:C:\Users\WASEEM\.npmrc
6 silly config load:file:C:\Users\WASEEM\AppData\Roaming\npm\etc\npmrc
7 verbose title npm install mongoose @clerk/nextjs jspdf jspdf-autotable
8 verbose argv "install" "mongoose" "@clerk/nextjs" "jspdf" "jspdf-autotable"
9 verbose logfile logs-max:10 dir:D:\waler\.npm-cache\_logs\2026-04-12T15_37_23_968Z-
10 verbose logfile D:\waler\.npm-cache\_logs\2026-04-12T15_37_23_968Z-debug-0.log
11 silly logfile done cleaning log files
12 silly packumentCache heap:2348810240 maxSize:587202560 maxEntrySize:293601280
13 silly idealTree buildDeps
14 silly fetch manifest mongoose@*
15 silly packumentCache full:https://registry.npmjs.org/mongoose cache-miss
16 http fetch GET 200 https://registry.npmjs.org/npm 770ms
17 http fetch GET 200 https://registry.npmjs.org/mongoose 479ms (cache miss)
18 silly packumentCache full:https://registry.npmjs.org/mongoose set size:undefined disposed:false
19 silly fetch manifest @clerk/nextjs@*
20 silly packumentCache full:https://registry.npmjs.org/@clerk%2fnextjs cache-miss
21 http fetch GET 200 https://registry.npmjs.org/@clerk%2fnextjs 806ms (cache miss)
22 silly packumentCache full:https://registry.npmjs.org/@clerk%2fnextjs set size:undefined disposed:false
23 silly fetch manifest next@16.2.0
24 silly packumentCache full:https://registry.npmjs.org/next cache-miss
25 http fetch GET 200 https://registry.npmjs.org/next 647ms (cache miss)
26 silly packumentCache full:https://registry.npmjs.org/next set size:undefined disposed:false
27 silly fetch manifest @opentelemetry/api@^1.1.0
28 silly packumentCache full:https://registry.npmjs.org/@opentelemetry%2fapi cache-miss
29 http fetch GET 200 https://registry.npmjs.org/@opentelemetry%2fapi 525ms (cache miss)
30 silly packumentCache full:https://registry.npmjs.org/@opentelemetry%2fapi set size:undefined disposed:false
31 silly fetch manifest @playwright/test@^1.51.1
32 silly packumentCache full:https://registry.npmjs.org/@playwright%2ftest cache-miss
33 http fetch GET 200 https://registry.npmjs.org/@playwright%2ftest 1247ms (cache miss)
34 silly packumentCache full:https://registry.npmjs.org/@playwright%2ftest set size:undefined disposed:false
35 silly fetch manifest babel-plugin-react-compiler@*
36 silly packumentCache full:https://registry.npmjs.org/babel-plugin-react-compiler cache-miss
37 http fetch GET 200 https://registry.npmjs.org/babel-plugin-react-compiler 382ms (cache miss)
38 silly packumentCache full:https://registry.npmjs.org/babel-plugin-react-compiler set size:undefined disposed:false
39 silly fetch manifest react@^19
40 silly packumentCache full:https://registry.npmjs.org/react cache-miss
41 http fetch GET 200 https://registry.npmjs.org/react 202ms (cache miss)
42 silly packumentCache full:https://registry.npmjs.org/react set size:undefined disposed:false
43 silly fetch manifest react-dom@^19
44 silly packumentCache full:https://registry.npmjs.org/react-dom cache-miss
45 http fetch GET 200 https://registry.npmjs.org/react-dom 222ms (cache miss)
46 silly packumentCache full:https://registry.npmjs.org/react-dom set size:undefined disposed:false
47 silly fetch manifest sass@^1.3.0
48 silly packumentCache full:https://registry.npmjs.org/sass cache-miss
49 http fetch GET 200 https://registry.npmjs.org/sass 63ms (cache miss)
50 silly packumentCache full:https://registry.npmjs.org/sass set size:undefined disposed:false
51 silly fetch manifest jspdf@*
52 silly packumentCache full:https://registry.npmjs.org/jspdf cache-miss
53 http fetch GET 200 https://registry.npmjs.org/jspdf 37ms (cache miss)
54 silly packumentCache full:https://registry.npmjs.org/jspdf set size:undefined disposed:false
55 silly fetch manifest jspdf-autotable@*
56 silly packumentCache full:https://registry.npmjs.org/jspdf-autotable cache-miss
57 http fetch GET 200 https://registry.npmjs.org/jspdf-autotable 442ms (cache miss)
58 silly packumentCache full:https://registry.npmjs.org/jspdf-autotable set size:undefined disposed:false
59 silly placeDep ROOT @clerk/nextjs@7.0.12 OK for: my-project@0.1.0 want: *
60 silly placeDep ROOT jspdf@4.2.1 OK for: my-project@0.1.0 want: *
61 silly placeDep ROOT jspdf-autotable@5.0.7 OK for: my-project@0.1.0 want: *
62 silly placeDep ROOT mongoose@9.4.1 OK for: my-project@0.1.0 want: *
63 silly fetch manifest server-only@0.0.1
64 silly packumentCache full:https://registry.npmjs.org/server-only cache-miss
65 silly fetch manifest @clerk/react@^6.2.1
66 silly packumentCache full:https://registry.npmjs.org/@clerk%2freact cache-miss
67 silly fetch manifest @clerk/shared@^4.6.0
68 silly packumentCache full:https://registry.npmjs.org/@clerk%2fshared cache-miss
69 http fetch GET 200 https://registry.npmjs.org/server-only 41ms (cache miss)
70 silly packumentCache full:https://registry.npmjs.org/server-only set size:undefined disposed:false
71 silly fetch manifest @clerk/backend@^3.2.8
72 silly packumentCache full:https://registry.npmjs.org/@clerk%2fbackend cache-miss
73 http fetch GET 200 https://registry.npmjs.org/@clerk%2fbackend 617ms (cache miss)
74 silly packumentCache full:https://registry.npmjs.org/@clerk%2fbackend set size:undefined disposed:false
75 silly fetch manifest fflate@^0.8.1
76 silly packumentCache full:https://registry.npmjs.org/fflate cache-miss
77 http fetch GET 200 https://registry.npmjs.org/fflate 129ms (cache miss)
78 silly packumentCache full:https://registry.npmjs.org/fflate set size:undefined disposed:false
79 silly fetch manifest fast-png@^6.2.0
80 silly packumentCache full:https://registry.npmjs.org/fast-png cache-miss
81 http fetch GET 200 https://registry.npmjs.org/@clerk%2freact 1046ms (cache miss)
82 silly packumentCache full:https://registry.npmjs.org/@clerk%2freact set size:undefined disposed:false
83 silly fetch manifest canvg@^3.0.11
84 silly packumentCache full:https://registry.npmjs.org/canvg cache-miss
85 http fetch GET 200 https://registry.npmjs.org/@clerk%2fshared 1438ms (cache miss)
86 silly packumentCache full:https://registry.npmjs.org/@clerk%2fshared set size:undefined disposed:false
87 silly fetch manifest core-js@^3.6.0
88 silly packumentCache full:https://registry.npmjs.org/core-js cache-miss
89 http fetch GET 200 https://registry.npmjs.org/fast-png 719ms (cache miss)
90 silly packumentCache full:https://registry.npmjs.org/fast-png set size:undefined disposed:false
91 silly fetch manifest dompurify@^3.3.1
92 silly packumentCache full:https://registry.npmjs.org/dompurify cache-miss
93 http fetch GET 200 https://registry.npmjs.org/canvg 653ms (cache miss)
94 silly packumentCache full:https://registry.npmjs.org/canvg set size:undefined disposed:false
95 silly fetch manifest html2canvas@^1.0.0-rc.5
96 silly packumentCache full:https://registry.npmjs.org/html2canvas cache-miss
97 http fetch GET 200 https://registry.npmjs.org/dompurify 57ms (cache miss)
98 silly packumentCache full:https://registry.npmjs.org/dompurify set size:undefined disposed:false
99 silly fetch manifest kareem@3.2.0
100 silly packumentCache full:https://registry.npmjs.org/kareem cache-miss
101 http fetch GET 200 https://registry.npmjs.org/core-js 148ms (cache miss)
102 silly packumentCache full:https://registry.npmjs.org/core-js set size:undefined disposed:false
103 silly fetch manifest mongodb@~7.1
104 silly packumentCache full:https://registry.npmjs.org/mongodb cache-miss
105 http fetch GET 200 https://registry.npmjs.org/kareem 35ms (cache miss)
106 silly packumentCache full:https://registry.npmjs.org/kareem set size:undefined disposed:false
107 silly fetch manifest mpath@0.9.0
108 silly packumentCache full:https://registry.npmjs.org/mpath cache-miss
109 http fetch GET 200 https://registry.npmjs.org/html2canvas 455ms (cache miss)
110 silly packumentCache full:https://registry.npmjs.org/html2canvas set size:undefined disposed:false
111 silly fetch manifest mquery@6.0.0
112 silly packumentCache full:https://registry.npmjs.org/mquery cache-miss
113 http fetch GET 200 https://registry.npmjs.org/mpath 377ms (cache miss)
114 silly packumentCache full:https://registry.npmjs.org/mpath set size:undefined disposed:false
115 silly fetch manifest ms@2.1.3
116 silly packumentCache full:https://registry.npmjs.org/ms cache-miss
117 http fetch GET 200 https://registry.npmjs.org/ms 81ms (cache miss)
118 silly packumentCache full:https://registry.npmjs.org/ms set size:undefined disposed:false
119 silly fetch manifest sift@17.1.3
120 silly packumentCache full:https://registry.npmjs.org/sift cache-miss
121 http fetch GET 200 https://registry.npmjs.org/mquery 104ms (cache miss)
122 silly packumentCache full:https://registry.npmjs.org/mquery set size:undefined disposed:false
123 http fetch GET 200 https://registry.npmjs.org/mongodb 545ms (cache miss)
124 silly packumentCache full:https://registry.npmjs.org/mongodb set size:undefined disposed:false
125 http fetch GET 200 https://registry.npmjs.org/sift 2077ms (cache miss)
126 silly packumentCache full:https://registry.npmjs.org/sift set size:undefined disposed:false
127 silly fetch manifest react@^18.0.0 || ~19.0.3 || ~19.1.4 || ~19.2.3 || ~19.3.0-0
128 silly packumentCache full:https://registry.npmjs.org/react cache-miss
129 http cache https://registry.npmjs.org/react 81ms (cache hit)
130 silly packumentCache full:https://registry.npmjs.org/react set size:6598084 disposed:false
131 silly fetch manifest react-dom@^18.0.0 || ~19.0.3 || ~19.1.4 || ~19.2.3 || ~19.3.0-0
132 silly packumentCache full:https://registry.npmjs.org/react-dom cache-miss
133 http cache https://registry.npmjs.org/react-dom 81ms (cache hit)
134 silly packumentCache full:https://registry.npmjs.org/react-dom set size:8778661 disposed:false
135 silly placeDep ROOT @clerk/backend@3.2.8 OK for: @clerk/nextjs@7.0.12 want: ^3.2.8
136 silly placeDep ROOT @clerk/react@6.2.1 OK for: @clerk/nextjs@7.0.12 want: ^6.2.1
137 silly placeDep ROOT @clerk/shared@4.6.0 OK for: @clerk/nextjs@7.0.12 want: ^4.6.0
138 silly placeDep ROOT server-only@0.0.1 OK for: @clerk/nextjs@7.0.12 want: 0.0.1
139 silly fetch manifest standardwebhooks@^1.0.0
140 silly packumentCache full:https://registry.npmjs.org/standardwebhooks cache-miss
141 silly fetch manifest dequal@2.0.3
142 silly packumentCache full:https://registry.npmjs.org/dequal cache-miss
143 silly fetch manifest std-env@^3.9.0
144 silly packumentCache full:https://registry.npmjs.org/std-env cache-miss
145 http fetch GET 200 https://registry.npmjs.org/dequal 420ms (cache miss)
146 silly packumentCache full:https://registry.npmjs.org/dequal set size:undefined disposed:false
147 silly fetch manifest js-cookie@3.0.5
148 silly packumentCache full:https://registry.npmjs.org/js-cookie cache-miss
149 http fetch GET 200 https://registry.npmjs.org/standardwebhooks 425ms (cache miss)
150 silly packumentCache full:https://registry.npmjs.org/standardwebhooks set size:undefined disposed:false
151 silly fetch manifest glob-to-regexp@0.4.1
152 silly packumentCache full:https://registry.npmjs.org/glob-to-regexp cache-miss
153 http fetch GET 200 https://registry.npmjs.org/glob-to-regexp 412ms (cache miss)
154 silly packumentCache full:https://registry.npmjs.org/glob-to-regexp set size:undefined disposed:false
155 silly fetch manifest @tanstack/query-core@5.90.16
156 silly packumentCache full:https://registry.npmjs.org/@tanstack%2fquery-core cache-miss
157 http fetch GET 200 https://registry.npmjs.org/js-cookie 433ms (cache miss)
158 silly packumentCache full:https://registry.npmjs.org/js-cookie set size:undefined disposed:false
159 http fetch GET 200 https://registry.npmjs.org/std-env 1327ms (cache miss)
160 silly packumentCache full:https://registry.npmjs.org/std-env set size:undefined disposed:false
161 http fetch GET 200 https://registry.npmjs.org/@tanstack%2fquery-core 1379ms (cache miss)
162 silly packumentCache full:https://registry.npmjs.org/@tanstack%2fquery-core set size:undefined disposed:false
163 silly placeDep ROOT standardwebhooks@1.0.0 OK for: @clerk/backend@3.2.8 want: ^1.0.0
164 silly fetch manifest @stablelib/base64@^1.0.0
165 silly packumentCache full:https://registry.npmjs.org/@stablelib%2fbase64 cache-miss
166 silly fetch manifest fast-sha256@^1.3.0
167 silly packumentCache full:https://registry.npmjs.org/fast-sha256 cache-miss
168 http fetch GET 200 https://registry.npmjs.org/fast-sha256 363ms (cache miss)
169 silly packumentCache full:https://registry.npmjs.org/fast-sha256 set size:undefined disposed:false
170 http fetch GET 200 https://registry.npmjs.org/@stablelib%2fbase64 1121ms (cache miss)
171 silly packumentCache full:https://registry.npmjs.org/@stablelib%2fbase64 set size:undefined disposed:false
172 silly placeDep ROOT @tanstack/query-core@5.90.16 OK for: @clerk/shared@4.6.0 want: 5.90.16
173 silly placeDep ROOT dequal@2.0.3 OK for: @clerk/shared@4.6.0 want: 2.0.3
174 silly placeDep ROOT glob-to-regexp@0.4.1 OK for: @clerk/shared@4.6.0 want: 0.4.1
175 silly placeDep ROOT js-cookie@3.0.5 OK for: @clerk/shared@4.6.0 want: 3.0.5
176 silly placeDep ROOT std-env@3.10.0 OK for: @clerk/shared@4.6.0 want: ^3.9.0
177 silly placeDep ROOT canvg@3.0.11 OK for: jspdf@4.2.1 want: ^3.0.11
178 silly placeDep ROOT core-js@3.49.0 OK for: jspdf@4.2.1 want: ^3.6.0
179 silly placeDep ROOT dompurify@3.3.3 OK for: jspdf@4.2.1 want: ^3.3.1
180 silly placeDep ROOT fast-png@6.4.0 OK for: jspdf@4.2.1 want: ^6.2.0
181 silly placeDep ROOT fflate@0.8.2 OK for: jspdf@4.2.1 want: ^0.8.1
182 silly placeDep ROOT html2canvas@1.4.1 OK for: jspdf@4.2.1 want: ^1.0.0-rc.5
183 silly fetch manifest raf@^3.4.1
184 silly packumentCache full:https://registry.npmjs.org/raf cache-miss
185 silly fetch manifest core-js@^3.8.3
186 silly packumentCache full:https://registry.npmjs.org/core-js cache-miss
187 silly fetch manifest rgbcolor@^1.0.1
188 silly packumentCache full:https://registry.npmjs.org/rgbcolor cache-miss
189 http cache https://registry.npmjs.org/core-js 15ms (cache hit)
190 silly packumentCache full:https://registry.npmjs.org/core-js set size:814557 disposed:false
191 silly fetch manifest @types/raf@^3.4.0
192 silly packumentCache full:https://registry.npmjs.org/@types%2fraf cache-miss
193 http fetch GET 200 https://registry.npmjs.org/raf 45ms (cache miss)
194 silly packumentCache full:https://registry.npmjs.org/raf set size:undefined disposed:false
195 silly fetch manifest svg-pathdata@^6.0.3
196 silly packumentCache full:https://registry.npmjs.org/svg-pathdata cache-miss
197 http fetch GET 200 https://registry.npmjs.org/rgbcolor 372ms (cache miss)
198 silly packumentCache full:https://registry.npmjs.org/rgbcolor set size:undefined disposed:false
199 silly fetch manifest stackblur-canvas@^2.0.0
200 silly packumentCache full:https://registry.npmjs.org/stackblur-canvas cache-miss
201 http fetch GET 200 https://registry.npmjs.org/stackblur-canvas 41ms (cache miss)
202 silly packumentCache full:https://registry.npmjs.org/stackblur-canvas set size:undefined disposed:false
203 silly fetch manifest regenerator-runtime@^0.13.7
204 silly packumentCache full:https://registry.npmjs.org/regenerator-runtime cache-miss
205 http fetch GET 200 https://registry.npmjs.org/regenerator-runtime 39ms (cache miss)
206 silly packumentCache full:https://registry.npmjs.org/regenerator-runtime set size:undefined disposed:false
207 silly fetch manifest @types/trusted-types@^2.0.7
208 silly packumentCache full:https://registry.npmjs.org/@types%2ftrusted-types cache-miss
209 http fetch GET 200 https://registry.npmjs.org/@types%2ftrusted-types 79ms (cache miss)
210 silly packumentCache full:https://registry.npmjs.org/@types%2ftrusted-types set size:undefined disposed:false
211 silly fetch manifest pako@^2.1.0
212 silly packumentCache full:https://registry.npmjs.org/pako cache-miss
213 http fetch GET 200 https://registry.npmjs.org/pako 40ms (cache miss)
214 silly packumentCache full:https://registry.npmjs.org/pako set size:undefined disposed:false
215 silly fetch manifest iobuffer@^5.3.2
216 silly packumentCache full:https://registry.npmjs.org/iobuffer cache-miss
217 http fetch GET 200 https://registry.npmjs.org/iobuffer 38ms (cache miss)
218 silly packumentCache full:https://registry.npmjs.org/iobuffer set size:undefined disposed:false
219 silly fetch manifest @types/pako@^2.0.3
220 silly packumentCache full:https://registry.npmjs.org/@types%2fpako cache-miss
221 http fetch GET 200 https://registry.npmjs.org/svg-pathdata 622ms (cache miss)
222 silly packumentCache full:https://registry.npmjs.org/svg-pathdata set size:undefined disposed:false
223 silly fetch manifest css-line-break@^2.1.0
224 silly packumentCache full:https://registry.npmjs.org/css-line-break cache-miss
225 http fetch GET 200 https://registry.npmjs.org/@types%2fraf 694ms (cache miss)
226 silly packumentCache full:https://registry.npmjs.org/@types%2fraf set size:undefined disposed:false
227 silly fetch manifest text-segmentation@^1.0.3
228 silly packumentCache full:https://registry.npmjs.org/text-segmentation cache-miss
229 http fetch GET 200 https://registry.npmjs.org/css-line-break 66ms (cache miss)
230 silly packumentCache full:https://registry.npmjs.org/css-line-break set size:undefined disposed:false
231 http fetch GET 200 https://registry.npmjs.org/@types%2fpako 426ms (cache miss)
232 silly packumentCache full:https://registry.npmjs.org/@types%2fpako set size:undefined disposed:false
233 http fetch GET 200 https://registry.npmjs.org/text-segmentation 665ms (cache miss)
234 silly packumentCache full:https://registry.npmjs.org/text-segmentation set size:undefined disposed:false
235 silly placeDep ROOT @types/raf@3.4.3 OK for: canvg@3.0.11 want: ^3.4.0
236 silly placeDep ROOT raf@3.4.1 OK for: canvg@3.0.11 want: ^3.4.1
237 silly placeDep ROOT regenerator-runtime@0.13.11 OK for: canvg@3.0.11 want: ^0.13.7
238 silly placeDep ROOT rgbcolor@1.0.1 OK for: canvg@3.0.11 want: ^1.0.1
239 silly placeDep ROOT stackblur-canvas@2.7.0 OK for: canvg@3.0.11 want: ^2.0.0
240 silly placeDep ROOT svg-pathdata@6.0.3 OK for: canvg@3.0.11 want: ^6.0.3
241 silly fetch manifest performance-now@^2.1.0
242 silly packumentCache full:https://registry.npmjs.org/performance-now cache-miss
243 http fetch GET 200 https://registry.npmjs.org/performance-now 46ms (cache miss)
244 silly packumentCache full:https://registry.npmjs.org/performance-now set size:undefined disposed:false
245 silly placeDep ROOT @types/trusted-types@2.0.7 OK for: dompurify@3.3.3 want: ^2.0.7
246 silly placeDep ROOT @types/pako@2.0.4 OK for: fast-png@6.4.0 want: ^2.0.3
247 silly placeDep ROOT iobuffer@5.4.0 OK for: fast-png@6.4.0 want: ^5.3.2
248 silly placeDep ROOT pako@2.1.0 OK for: fast-png@6.4.0 want: ^2.1.0
249 silly placeDep ROOT css-line-break@2.1.0 OK for: html2canvas@1.4.1 want: ^2.1.0
250 silly placeDep ROOT text-segmentation@1.0.3 OK for: html2canvas@1.4.1 want: ^1.0.3
251 silly fetch manifest utrie@^1.0.2
252 silly packumentCache full:https://registry.npmjs.org/utrie cache-miss
253 silly fetch manifest utrie@^1.0.2
254 silly packumentCache full:https://registry.npmjs.org/utrie cache-miss
255 http fetch GET 200 https://registry.npmjs.org/utrie 34ms (cache miss)
256 silly packumentCache full:https://registry.npmjs.org/utrie set size:undefined disposed:false
257 http fetch GET 200 https://registry.npmjs.org/utrie 38ms (cache miss)
258 silly packumentCache full:https://registry.npmjs.org/utrie set size:undefined disposed:false
259 silly placeDep ROOT utrie@1.0.2 OK for: css-line-break@2.1.0 want: ^1.0.2
260 silly fetch manifest base64-arraybuffer@^1.0.2
261 silly packumentCache full:https://registry.npmjs.org/base64-arraybuffer cache-miss
262 http fetch GET 200 https://registry.npmjs.org/base64-arraybuffer 33ms (cache miss)
263 silly packumentCache full:https://registry.npmjs.org/base64-arraybuffer set size:undefined disposed:false
264 silly fetch manifest @aws-sdk/credential-providers@^3.806.0
265 silly packumentCache full:https://registry.npmjs.org/@aws-sdk%2fcredential-providers cache-miss
266 http fetch GET 200 https://registry.npmjs.org/@aws-sdk%2fcredential-providers 269ms (cache miss)
267 silly packumentCache full:https://registry.npmjs.org/@aws-sdk%2fcredential-providers set size:undefined disposed:false
268 silly fetch manifest @mongodb-js/zstd@^7.0.0
269 silly packumentCache full:https://registry.npmjs.org/@mongodb-js%2fzstd cache-miss
270 http fetch GET 200 https://registry.npmjs.org/@mongodb-js%2fzstd 198ms (cache miss)
271 silly packumentCache full:https://registry.npmjs.org/@mongodb-js%2fzstd set size:undefined disposed:false
272 silly fetch manifest gcp-metadata@^7.0.1
273 silly packumentCache full:https://registry.npmjs.org/gcp-metadata cache-miss
274 http fetch GET 200 https://registry.npmjs.org/gcp-metadata 959ms (cache miss)
275 silly packumentCache full:https://registry.npmjs.org/gcp-metadata set size:undefined disposed:false
276 silly fetch manifest kerberos@^7.0.0
277 silly packumentCache full:https://registry.npmjs.org/kerberos cache-miss
278 http fetch GET 200 https://registry.npmjs.org/kerberos 36ms (cache miss)
279 silly packumentCache full:https://registry.npmjs.org/kerberos set size:undefined disposed:false
280 silly fetch manifest mongodb-client-encryption@>=7.0.0 <7.1.0
281 silly packumentCache full:https://registry.npmjs.org/mongodb-client-encryption cache-miss
282 http fetch GET 200 https://registry.npmjs.org/mongodb-client-encryption 416ms (cache miss)
283 silly packumentCache full:https://registry.npmjs.org/mongodb-client-encryption set size:undefined disposed:false
284 silly fetch manifest snappy@^7.3.2
285 silly packumentCache full:https://registry.npmjs.org/snappy cache-miss
286 http fetch GET 200 https://registry.npmjs.org/snappy 55ms (cache miss)
287 silly packumentCache full:https://registry.npmjs.org/snappy set size:undefined disposed:false
288 silly fetch manifest socks@^2.8.6
289 silly packumentCache full:https://registry.npmjs.org/socks cache-miss
290 http fetch GET 200 https://registry.npmjs.org/socks 34ms (cache miss)
291 silly packumentCache full:https://registry.npmjs.org/socks set size:undefined disposed:false
292 silly placeDep ROOT kareem@3.2.0 OK for: mongoose@9.4.1 want: 3.2.0
293 silly placeDep ROOT mongodb@7.1.1 OK for: mongoose@9.4.1 want: ~7.1
294 silly placeDep ROOT mpath@0.9.0 OK for: mongoose@9.4.1 want: 0.9.0
295 silly placeDep ROOT mquery@6.0.0 OK for: mongoose@9.4.1 want: 6.0.0
296 silly placeDep ROOT ms@2.1.3 OK for: mongoose@9.4.1 want: 2.1.3
297 silly placeDep ROOT sift@17.1.3 OK for: mongoose@9.4.1 want: 17.1.3
298 silly fetch manifest bson@^7.1.1
299 silly packumentCache full:https://registry.npmjs.org/bson cache-miss
300 silly fetch manifest @mongodb-js/saslprep@^1.3.0
301 silly packumentCache full:https://registry.npmjs.org/@mongodb-js%2fsaslprep cache-miss
302 silly fetch manifest mongodb-connection-string-url@^7.0.0
303 silly packumentCache full:https://registry.npmjs.org/mongodb-connection-string-url cache-miss
304 http fetch GET 200 https://registry.npmjs.org/@mongodb-js%2fsaslprep 271ms (cache miss)
305 silly packumentCache full:https://registry.npmjs.org/@mongodb-js%2fsaslprep set size:undefined disposed:false
306 http fetch GET 200 https://registry.npmjs.org/mongodb-connection-string-url 362ms (cache miss)
307 silly packumentCache full:https://registry.npmjs.org/mongodb-connection-string-url set size:undefined disposed:false
308 http fetch GET 200 https://registry.npmjs.org/bson 388ms (cache miss)
309 silly packumentCache full:https://registry.npmjs.org/bson set size:undefined disposed:false
310 silly placeDep ROOT @mongodb-js/saslprep@1.4.6 OK for: mongodb@7.1.1 want: ^1.3.0
311 silly placeDep ROOT bson@7.2.0 OK for: mongodb@7.1.1 want: ^7.1.1
312 silly placeDep ROOT mongodb-connection-string-url@7.0.1 OK for: mongodb@7.1.1 want: ^7.0.0
313 silly fetch manifest sparse-bitfield@^3.0.3
314 silly packumentCache full:https://registry.npmjs.org/sparse-bitfield cache-miss
315 silly fetch manifest whatwg-url@^14.1.0
316 silly packumentCache full:https://registry.npmjs.org/whatwg-url cache-miss
317 silly fetch manifest @types/whatwg-url@^13.0.0
318 silly packumentCache full:https://registry.npmjs.org/@types%2fwhatwg-url cache-miss
319 http fetch GET 200 https://registry.npmjs.org/sparse-bitfield 34ms (cache miss)
320 silly packumentCache full:https://registry.npmjs.org/sparse-bitfield set size:undefined disposed:false
321 http fetch GET 200 https://registry.npmjs.org/@types%2fwhatwg-url 381ms (cache miss)
322 silly packumentCache full:https://registry.npmjs.org/@types%2fwhatwg-url set size:undefined disposed:false
323 http fetch GET 200 https://registry.npmjs.org/whatwg-url 387ms (cache miss)
324 silly packumentCache full:https://registry.npmjs.org/whatwg-url set size:undefined disposed:false
325 silly placeDep ROOT sparse-bitfield@3.0.3 OK for: @mongodb-js/saslprep@1.4.6 want: ^3.0.3
326 silly fetch manifest memory-pager@^1.0.2
327 silly packumentCache full:https://registry.npmjs.org/memory-pager cache-miss
328 http fetch GET 200 https://registry.npmjs.org/memory-pager 34ms (cache miss)
329 silly packumentCache full:https://registry.npmjs.org/memory-pager set size:undefined disposed:false
330 silly placeDep ROOT @types/whatwg-url@13.0.0 OK for: mongodb-connection-string-url@7.0.1 want: ^13.0.0
331 silly placeDep ROOT whatwg-url@14.2.0 OK for: mongodb-connection-string-url@7.0.1 want: ^14.1.0
332 silly fetch manifest @types/webidl-conversions@*
333 silly packumentCache full:https://registry.npmjs.org/@types%2fwebidl-conversions cache-miss
334 silly fetch manifest tr46@^5.1.0
335 silly packumentCache full:https://registry.npmjs.org/tr46 cache-miss
336 silly fetch manifest webidl-conversions@^7.0.0
337 silly packumentCache full:https://registry.npmjs.org/webidl-conversions cache-miss
338 http fetch GET 200 https://registry.npmjs.org/@types%2fwebidl-conversions 38ms (cache miss)
339 silly packumentCache full:https://registry.npmjs.org/@types%2fwebidl-conversions set size:undefined disposed:false
340 http fetch GET 200 https://registry.npmjs.org/tr46 421ms (cache miss)
341 silly packumentCache full:https://registry.npmjs.org/tr46 set size:undefined disposed:false
342 http fetch GET 200 https://registry.npmjs.org/webidl-conversions 423ms (cache miss)
343 silly packumentCache full:https://registry.npmjs.org/webidl-conversions set size:undefined disposed:false
344 silly placeDep ROOT @types/webidl-conversions@7.0.3 OK for: @types/whatwg-url@13.0.0 want: *
345 silly placeDep ROOT performance-now@2.1.0 OK for: raf@3.4.1 want: ^2.1.0
346 silly placeDep ROOT memory-pager@1.5.0 OK for: sparse-bitfield@3.0.3 want: ^1.0.2
347 silly placeDep ROOT @stablelib/base64@1.0.1 OK for: standardwebhooks@1.0.0 want: ^1.0.0
348 silly placeDep ROOT fast-sha256@1.3.0 OK for: standardwebhooks@1.0.0 want: ^1.3.0
349 silly placeDep ROOT base64-arraybuffer@1.0.2 OK for: utrie@1.0.2 want: ^1.0.2
350 silly placeDep ROOT tr46@5.1.1 OK for: whatwg-url@14.2.0 want: ^5.1.0
351 silly placeDep ROOT webidl-conversions@7.0.0 OK for: whatwg-url@14.2.0 want: ^7.0.0
352 silly fetch manifest punycode@^2.3.1
353 silly packumentCache full:https://registry.npmjs.org/punycode cache-miss
354 http fetch GET 200 https://registry.npmjs.org/punycode 29ms (cache miss)
355 silly packumentCache full:https://registry.npmjs.org/punycode set size:undefined disposed:false
356 silly placeDep ROOT punycode@2.3.1 OK for: tr46@5.1.1 want: ^2.3.1
357 silly reify moves {}
358 silly audit bulk request {
358 silly audit   '@alloc/quick-lru': [ '5.2.0' ],
358 silly audit   '@babel/runtime': [ '7.29.2' ],
358 silly audit   '@date-fns/tz': [ '1.4.1' ],
358 silly audit   '@emnapi/runtime': [ '1.9.2' ],
358 silly audit   '@floating-ui/core': [ '1.7.5' ],
358 silly audit   '@floating-ui/dom': [ '1.7.6' ],
358 silly audit   '@floating-ui/react-dom': [ '2.1.8' ],
358 silly audit   '@floating-ui/utils': [ '0.2.11' ],
358 silly audit   '@hookform/resolvers': [ '3.10.0' ],
358 silly audit   '@img/colour': [ '1.1.0' ],
358 silly audit   '@img/sharp-darwin-arm64': [ '0.34.5' ],
358 silly audit   '@img/sharp-darwin-x64': [ '0.34.5' ],
358 silly audit   '@img/sharp-libvips-darwin-arm64': [ '1.2.4' ],
358 silly audit   '@img/sharp-libvips-darwin-x64': [ '1.2.4' ],
358 silly audit   '@img/sharp-libvips-linux-arm': [ '1.2.4' ],
358 silly audit   '@img/sharp-libvips-linux-arm64': [ '1.2.4' ],
358 silly audit   '@img/sharp-libvips-linux-ppc64': [ '1.2.4' ],
358 silly audit   '@img/sharp-libvips-linux-riscv64': [ '1.2.4' ],
358 silly audit   '@img/sharp-libvips-linux-s390x': [ '1.2.4' ],
358 silly audit   '@img/sharp-libvips-linux-x64': [ '1.2.4' ],
358 silly audit   '@img/sharp-libvips-linuxmusl-arm64': [ '1.2.4' ],
358 silly audit   '@img/sharp-libvips-linuxmusl-x64': [ '1.2.4' ],
358 silly audit   '@img/sharp-linux-arm': [ '0.34.5' ],
358 silly audit   '@img/sharp-linux-arm64': [ '0.34.5' ],
358 silly audit   '@img/sharp-linux-ppc64': [ '0.34.5' ],
358 silly audit   '@img/sharp-linux-riscv64': [ '0.34.5' ],
358 silly audit   '@img/sharp-linux-s390x': [ '0.34.5' ],
358 silly audit   '@img/sharp-linux-x64': [ '0.34.5' ],
358 silly audit   '@img/sharp-linuxmusl-arm64': [ '0.34.5' ],
358 silly audit   '@img/sharp-linuxmusl-x64': [ '0.34.5' ],
358 silly audit   '@img/sharp-wasm32': [ '0.34.5' ],
358 silly audit   '@img/sharp-win32-arm64': [ '0.34.5' ],
358 silly audit   '@img/sharp-win32-ia32': [ '0.34.5' ],
358 silly audit   '@img/sharp-win32-x64': [ '0.34.5' ],
358 silly audit   '@jridgewell/gen-mapping': [ '0.3.13' ],
358 silly audit   '@jridgewell/remapping': [ '2.3.5' ],
358 silly audit   '@jridgewell/resolve-uri': [ '3.1.2' ],
358 silly audit   '@jridgewell/sourcemap-codec': [ '1.5.5' ],
358 silly audit   '@jridgewell/trace-mapping': [ '0.3.31' ],
358 silly audit   '@next/env': [ '16.2.0' ],
358 silly audit   '@next/swc-darwin-arm64': [ '16.2.0' ],
358 silly audit   '@next/swc-darwin-x64': [ '16.2.0' ],
358 silly audit   '@next/swc-linux-arm64-gnu': [ '16.2.0' ],
358 silly audit   '@next/swc-linux-arm64-musl': [ '16.2.0' ],
358 silly audit   '@next/swc-linux-x64-gnu': [ '16.2.0' ],
358 silly audit   '@next/swc-linux-x64-musl': [ '16.2.0' ],
358 silly audit   '@next/swc-win32-arm64-msvc': [ '16.2.0' ],
358 silly audit   '@next/swc-win32-x64-msvc': [ '16.2.0' ],
358 silly audit   '@radix-ui/number': [ '1.1.1' ],
358 silly audit   '@radix-ui/primitive': [ '1.1.3' ],
358 silly audit   '@radix-ui/react-accordion': [ '1.2.12' ],
358 silly audit   '@radix-ui/react-alert-dialog': [ '1.1.15' ],
358 silly audit   '@radix-ui/react-slot': [ '1.2.3', '1.2.4' ],
358 silly audit   '@radix-ui/react-arrow': [ '1.1.7' ],
358 silly audit   '@radix-ui/react-aspect-ratio': [ '1.1.8' ],
358 silly audit   '@radix-ui/react-primitive': [ '2.1.4', '2.1.3' ],
358 silly audit   '@radix-ui/react-avatar': [ '1.1.11' ],
358 silly audit   '@radix-ui/react-context': [ '1.1.3', '1.1.2' ],
358 silly audit   '@radix-ui/react-checkbox': [ '1.3.3' ],
358 silly audit   '@radix-ui/react-collapsible': [ '1.1.12' ],
358 silly audit   '@radix-ui/react-collection': [ '1.1.7' ],
358 silly audit   '@radix-ui/react-compose-refs': [ '1.1.2' ],
358 silly audit   '@radix-ui/react-context-menu': [ '2.2.16' ],
358 silly audit   '@radix-ui/react-dialog': [ '1.1.15' ],
358 silly audit   '@radix-ui/react-direction': [ '1.1.1' ],
358 silly audit   '@radix-ui/react-dismissable-layer': [ '1.1.11' ],
358 silly audit   '@radix-ui/react-dropdown-menu': [ '2.1.16' ],
358 silly audit   '@radix-ui/react-focus-guards': [ '1.1.3' ],
358 silly audit   '@radix-ui/react-focus-scope': [ '1.1.7' ],
358 silly audit   '@radix-ui/react-hover-card': [ '1.1.15' ],
358 silly audit   '@radix-ui/react-id': [ '1.1.1' ],
358 silly audit   '@radix-ui/react-label': [ '2.1.8' ],
358 silly audit   '@radix-ui/react-menu': [ '2.1.16' ],
358 silly audit   '@radix-ui/react-menubar': [ '1.1.16' ],
358 silly audit   '@radix-ui/react-navigation-menu': [ '1.2.14' ],
358 silly audit   '@radix-ui/react-popover': [ '1.1.15' ],
358 silly audit   '@radix-ui/react-popper': [ '1.2.8' ],
358 silly audit   '@radix-ui/react-portal': [ '1.1.9' ],
358 silly audit   '@radix-ui/react-presence': [ '1.1.5' ],
358 silly audit   '@radix-ui/react-progress': [ '1.1.8' ],
358 silly audit   '@radix-ui/react-radio-group': [ '1.3.8' ],
358 silly audit   '@radix-ui/react-roving-focus': [ '1.1.11' ],
358 silly audit   '@radix-ui/react-scroll-area': [ '1.2.10' ],
358 silly audit   '@radix-ui/react-select': [ '2.2.6' ],
358 silly audit   '@radix-ui/react-separator': [ '1.1.8' ],
358 silly audit   '@radix-ui/react-slider': [ '1.3.6' ],
358 silly audit   '@radix-ui/react-switch': [ '1.2.6' ],
358 silly audit   '@radix-ui/react-tabs': [ '1.1.13' ],
358 silly audit   '@radix-ui/react-toast': [ '1.2.15' ],
358 silly audit   '@radix-ui/react-toggle': [ '1.1.10' ],
358 silly audit   '@radix-ui/react-toggle-group': [ '1.1.11' ],
358 silly audit   '@radix-ui/react-tooltip': [ '1.2.8' ],
358 silly audit   '@radix-ui/react-use-callback-ref': [ '1.1.1' ],
358 silly audit   '@radix-ui/react-use-controllable-state': [ '1.2.2' ],
358 silly audit   '@radix-ui/react-use-effect-event': [ '0.0.2' ],
358 silly audit   '@radix-ui/react-use-escape-keydown': [ '1.1.1' ],
358 silly audit   '@radix-ui/react-use-is-hydrated': [ '0.1.0' ],
358 silly audit   '@radix-ui/react-use-layout-effect': [ '1.1.1' ],
358 silly audit   '@radix-ui/react-use-previous': [ '1.1.1' ],
358 silly audit   '@radix-ui/react-use-rect': [ '1.1.1' ],
358 silly audit   '@radix-ui/react-use-size': [ '1.1.1' ],
358 silly audit   '@radix-ui/react-visually-hidden': [ '1.2.3' ],
358 silly audit   '@radix-ui/rect': [ '1.1.1' ],
358 silly audit   '@swc/helpers': [ '0.5.15' ],
358 silly audit   '@tailwindcss/node': [ '4.2.2' ],
358 silly audit   '@tailwindcss/oxide': [ '4.2.2' ],
358 silly audit   '@tailwindcss/oxide-android-arm64': [ '4.2.2' ],
358 silly audit   '@tailwindcss/oxide-darwin-arm64': [ '4.2.2' ],
358 silly audit   '@tailwindcss/oxide-darwin-x64': [ '4.2.2' ],
358 silly audit   '@tailwindcss/oxide-freebsd-x64': [ '4.2.2' ],
358 silly audit   '@tailwindcss/oxide-linux-arm-gnueabihf': [ '4.2.2' ],
358 silly audit   '@tailwindcss/oxide-linux-arm64-gnu': [ '4.2.2' ],
358 silly audit   '@tailwindcss/oxide-linux-arm64-musl': [ '4.2.2' ],
358 silly audit   '@tailwindcss/oxide-linux-x64-gnu': [ '4.2.2' ],
358 silly audit   '@tailwindcss/oxide-linux-x64-musl': [ '4.2.2' ],
358 silly audit   '@tailwindcss/oxide-wasm32-wasi': [ '4.2.2' ],
358 silly audit   '@tailwindcss/oxide-win32-arm64-msvc': [ '4.2.2' ],
358 silly audit   '@tailwindcss/oxide-win32-x64-msvc': [ '4.2.2' ],
358 silly audit   '@tailwindcss/postcss': [ '4.2.2' ],
358 silly audit   '@types/d3-array': [ '3.2.2' ],
358 silly audit   '@types/d3-color': [ '3.1.3' ],
358 silly audit   '@types/d3-ease': [ '3.0.2' ],
358 silly audit   '@types/d3-interpolate': [ '3.0.4' ],
358 silly audit   '@types/d3-path': [ '3.1.1' ],
358 silly audit   '@types/d3-scale': [ '4.0.9' ],
358 silly audit   '@types/d3-shape': [ '3.1.8' ],
358 silly audit   '@types/d3-time': [ '3.0.4' ],
358 silly audit   '@types/d3-timer': [ '3.0.2' ],
358 silly audit   '@types/node': [ '22.19.17' ],
358 silly audit   '@types/react': [ '19.2.14' ],
358 silly audit   '@types/react-dom': [ '19.2.3' ],
358 silly audit   '@vercel/analytics': [ '1.6.1' ],
358 silly audit   'aria-hidden': [ '1.2.6' ],
358 silly audit   autoprefixer: [ '10.4.27' ],
358 silly audit   'baseline-browser-mapping': [ '2.10.18' ],
358 silly audit   browserslist: [ '4.28.2' ],
358 silly audit   'caniuse-lite': [ '1.0.30001787' ],
358 silly audit   'class-variance-authority': [ '0.7.1' ],
358 silly audit   'client-only': [ '0.0.1' ],
358 silly audit   clsx: [ '2.1.1' ],
358 silly audit   cmdk: [ '1.1.1' ],
358 silly audit   csstype: [ '3.2.3' ],
358 silly audit   'd3-array': [ '3.2.4' ],
358 silly audit   'd3-color': [ '3.1.0' ],
358 silly audit   'd3-ease': [ '3.0.1' ],
358 silly audit   'd3-format': [ '3.1.2' ],
358 silly audit   'd3-interpolate': [ '3.0.1' ],
358 silly audit   'd3-path': [ '3.1.0' ],
358 silly audit   'd3-scale': [ '4.0.2' ],
358 silly audit   'd3-shape': [ '3.2.0' ],
358 silly audit   'd3-time': [ '3.1.0' ],
358 silly audit   'd3-time-format': [ '4.1.0' ],
358 silly audit   'd3-timer': [ '3.0.1' ],
358 silly audit   'date-fns': [ '4.1.0' ],
358 silly audit   'date-fns-jalali': [ '4.1.0-0' ],
358 silly audit   'decimal.js-light': [ '2.5.1' ],
358 silly audit   'detect-libc': [ '2.1.2' ],
358 silly audit   'detect-node-es': [ '1.1.0' ],
358 silly audit   'dom-helpers': [ '5.2.1' ],
358 silly audit   'electron-to-chromium': [ '1.5.335' ],
358 silly audit   'embla-carousel': [ '8.6.0' ],
358 silly audit   'embla-carousel-react': [ '8.6.0' ],
358 silly audit   'embla-carousel-reactive-utils': [ '8.6.0' ],
358 silly audit   'enhanced-resolve': [ '5.20.1' ],
358 silly audit   escalade: [ '3.2.0' ],
358 silly audit   eventemitter3: [ '4.0.7' ],
358 silly audit   'fast-equals': [ '5.4.0' ],
358 silly audit   'fraction.js': [ '5.3.4' ],
358 silly audit   'get-nonce': [ '1.0.1' ],
358 silly audit   'graceful-fs': [ '4.2.11' ],
358 silly audit   'input-otp': [ '1.4.2' ],
358 silly audit   internmap: [ '2.0.3' ],
358 silly audit   jiti: [ '2.6.1' ],
358 silly audit   'js-tokens': [ '4.0.0' ],
358 silly audit   lightningcss: [ '1.32.0' ],
358 silly audit   'lightningcss-android-arm64': [ '1.32.0' ],
358 silly audit   'lightningcss-darwin-arm64': [ '1.32.0' ],
358 silly audit   'lightningcss-darwin-x64': [ '1.32.0' ],
358 silly audit   'lightningcss-freebsd-x64': [ '1.32.0' ],
358 silly audit   'lightningcss-linux-arm-gnueabihf': [ '1.32.0' ],
358 silly audit   'lightningcss-linux-arm64-gnu': [ '1.32.0' ],
358 silly audit   'lightningcss-linux-arm64-musl': [ '1.32.0' ],
358 silly audit   'lightningcss-linux-x64-gnu': [ '1.32.0' ],
358 silly audit   'lightningcss-linux-x64-musl': [ '1.32.0' ],
358 silly audit   'lightningcss-win32-arm64-msvc': [ '1.32.0' ],
358 silly audit   'lightningcss-win32-x64-msvc': [ '1.32.0' ],
358 silly audit   lodash: [ '4.18.1' ],
358 silly audit   'loose-envify': [ '1.4.0' ],
358 silly audit   'lucide-react': [ '0.564.0' ],
358 silly audit   'magic-string': [ '0.30.21' ],
358 silly audit   nanoid: [ '3.3.11' ],
358 silly audit   next: [ '16.2.0' ],
358 silly audit   'next-themes': [ '0.4.6' ],
358 silly audit   postcss: [ '8.4.31', '8.5.9' ],
358 silly audit   'node-releases': [ '2.0.37' ],
358 silly audit   'object-assign': [ '4.1.1' ],
358 silly audit   picocolors: [ '1.1.1' ],
358 silly audit   'postcss-value-parser': [ '4.2.0' ],
358 silly audit   'prop-types': [ '15.8.1' ],
358 silly audit   'react-is': [ '16.13.1', '18.3.1' ],
358 silly audit   react: [ '19.2.5' ],
358 silly audit   'react-day-picker': [ '9.13.2' ],
358 silly audit   'react-dom': [ '19.2.5' ],
358 silly audit   'react-hook-form': [ '7.72.1' ],
358 silly audit   'react-remove-scroll': [ '2.7.2' ],
358 silly audit   'react-remove-scroll-bar': [ '2.3.8' ],
358 silly audit   'react-resizable-panels': [ '2.1.9' ],
358 silly audit   'react-smooth': [ '4.0.4' ],
358 silly audit   'react-style-singleton': [ '2.2.3' ],
358 silly audit   'react-transition-group': [ '4.4.5' ],
358 silly audit   recharts: [ '2.15.0' ],
358 silly audit   'recharts-scale': [ '0.4.5' ],
358 silly audit   scheduler: [ '0.27.0' ],
358 silly audit   semver: [ '7.7.4' ],
358 silly audit   sharp: [ '0.34.5' ],
358 silly audit   sonner: [ '1.7.4' ],
358 silly audit   'source-map-js': [ '1.2.1' ],
358 silly audit   'styled-jsx': [ '5.1.6' ],
358 silly audit   'tailwind-merge': [ '3.5.0' ],
358 silly audit   tailwindcss: [ '4.2.2' ],
358 silly audit   tapable: [ '2.3.2' ],
358 silly audit   'tiny-invariant': [ '1.3.3' ],
358 silly audit   tslib: [ '2.8.1' ],
358 silly audit   'tw-animate-css': [ '1.3.3' ],
358 silly audit   typescript: [ '5.7.3' ],
358 silly audit   'undici-types': [ '6.21.0' ],
358 silly audit   'update-browserslist-db': [ '1.2.3' ],
358 silly audit   'use-callback-ref': [ '1.3.3' ],
358 silly audit   'use-sidecar': [ '1.1.3' ],
358 silly audit   'use-sync-external-store': [ '1.6.0' ],
358 silly audit   vaul: [ '1.1.2' ],
358 silly audit   'victory-vendor': [ '36.9.2' ],
358 silly audit   zod: [ '3.25.76' ],
358 silly audit   '@clerk/nextjs': [ '7.0.12' ],
358 silly audit   jspdf: [ '4.2.1' ],
358 silly audit   'jspdf-autotable': [ '5.0.7' ],
358 silly audit   mongoose: [ '9.4.1' ],
358 silly audit   '@clerk/backend': [ '3.2.8' ],
358 silly audit   '@clerk/react': [ '6.2.1' ],
358 silly audit   '@clerk/shared': [ '4.6.0' ],
358 silly audit   'server-only': [ '0.0.1' ],
358 silly audit   standardwebhooks: [ '1.0.0' ],
358 silly audit   '@tanstack/query-core': [ '5.90.16' ],
358 silly audit   dequal: [ '2.0.3' ],
358 silly audit   'glob-to-regexp': [ '0.4.1' ],
358 silly audit   'js-cookie': [ '3.0.5' ],
358 silly audit   'std-env': [ '3.10.0' ],
358 silly audit   canvg: [ '3.0.11' ],
358 silly audit   'core-js': [ '3.49.0' ],
358 silly audit   dompurify: [ '3.3.3' ],
358 silly audit   'fast-png': [ '6.4.0' ],
358 silly audit   fflate: [ '0.8.2' ],
358 silly audit   html2canvas: [ '1.4.1' ],
358 silly audit   '@types/raf': [ '3.4.3' ],
358 silly audit   raf: [ '3.4.1' ],
358 silly audit   'regenerator-runtime': [ '0.13.11' ],
358 silly audit   rgbcolor: [ '1.0.1' ],
358 silly audit   'stackblur-canvas': [ '2.7.0' ],
358 silly audit   'svg-pathdata': [ '6.0.3' ],
358 silly audit   '@types/trusted-types': [ '2.0.7' ],
358 silly audit   '@types/pako': [ '2.0.4' ],
358 silly audit   iobuffer: [ '5.4.0' ],
358 silly audit   pako: [ '2.1.0' ],
358 silly audit   'css-line-break': [ '2.1.0' ],
358 silly audit   'text-segmentation': [ '1.0.3' ],
358 silly audit   utrie: [ '1.0.2' ],
358 silly audit   kareem: [ '3.2.0' ],
358 silly audit   mongodb: [ '7.1.1' ],
358 silly audit   mpath: [ '0.9.0' ],
358 silly audit   mquery: [ '6.0.0' ],
358 silly audit   ms: [ '2.1.3' ],
358 silly audit   sift: [ '17.1.3' ],
358 silly audit   '@mongodb-js/saslprep': [ '1.4.6' ],
358 silly audit   bson: [ '7.2.0' ],
358 silly audit   'mongodb-connection-string-url': [ '7.0.1' ],
358 silly audit   'sparse-bitfield': [ '3.0.3' ],
358 silly audit   '@types/whatwg-url': [ '13.0.0' ],
358 silly audit   'whatwg-url': [ '14.2.0' ],
358 silly audit   '@types/webidl-conversions': [ '7.0.3' ],
358 silly audit   'performance-now': [ '2.1.0' ],
358 silly audit   'memory-pager': [ '1.5.0' ],
358 silly audit   '@stablelib/base64': [ '1.0.1' ],
358 silly audit   'fast-sha256': [ '1.3.0' ],
358 silly audit   'base64-arraybuffer': [ '1.0.2' ],
358 silly audit   tr46: [ '5.1.1' ],
358 silly audit   'webidl-conversions': [ '7.0.0' ],
358 silly audit   punycode: [ '2.3.1' ]
358 silly audit }
359 http cache punycode@https://registry.npmjs.org/punycode/-/punycode-2.3.1.tgz 0ms (cache hit)
360 http cache tr46@https://registry.npmjs.org/tr46/-/tr46-5.1.1.tgz 0ms (cache hit)
361 http cache webidl-conversions@https://registry.npmjs.org/webidl-conversions/-/webidl-conversions-7.0.0.tgz 0ms (cache hit)
362 http cache base64-arraybuffer@https://registry.npmjs.org/base64-arraybuffer/-/base64-arraybuffer-1.0.2.tgz 0ms (cache hit)
363 http cache fast-sha256@https://registry.npmjs.org/fast-sha256/-/fast-sha256-1.3.0.tgz 1ms (cache hit)
364 http cache memory-pager@https://registry.npmjs.org/memory-pager/-/memory-pager-1.5.0.tgz 0ms (cache hit)
365 http cache @stablelib/base64@https://registry.npmjs.org/@stablelib/base64/-/base64-1.0.1.tgz 1ms (cache hit)
366 http cache performance-now@https://registry.npmjs.org/performance-now/-/performance-now-2.1.0.tgz 0ms (cache hit)
367 http cache @types/webidl-conversions@https://registry.npmjs.org/@types/webidl-conversions/-/webidl-conversions-7.0.3.tgz 0ms (cache hit)
368 http cache whatwg-url@https://registry.npmjs.org/whatwg-url/-/whatwg-url-14.2.0.tgz 1ms (cache hit)
369 http cache @types/whatwg-url@https://registry.npmjs.org/@types/whatwg-url/-/whatwg-url-13.0.0.tgz 0ms (cache hit)
370 http cache sparse-bitfield@https://registry.npmjs.org/sparse-bitfield/-/sparse-bitfield-3.0.3.tgz 0ms (cache hit)
371 http cache mongodb-connection-string-url@https://registry.npmjs.org/mongodb-connection-string-url/-/mongodb-connection-string-url-7.0.1.tgz 1ms (cache hit)
372 http cache bson@https://registry.npmjs.org/bson/-/bson-7.2.0.tgz 0ms (cache hit)
373 http cache @mongodb-js/saslprep@https://registry.npmjs.org/@mongodb-js/saslprep/-/saslprep-1.4.6.tgz 0ms (cache hit)
374 http cache sift@https://registry.npmjs.org/sift/-/sift-17.1.3.tgz 0ms (cache hit)
375 http cache ms@https://registry.npmjs.org/ms/-/ms-2.1.3.tgz 0ms (cache hit)
376 http cache mquery@https://registry.npmjs.org/mquery/-/mquery-6.0.0.tgz 0ms (cache hit)
377 http cache mpath@https://registry.npmjs.org/mpath/-/mpath-0.9.0.tgz 0ms (cache hit)
378 http cache mongodb@https://registry.npmjs.org/mongodb/-/mongodb-7.1.1.tgz 0ms (cache hit)
379 http cache kareem@https://registry.npmjs.org/kareem/-/kareem-3.2.0.tgz 0ms (cache hit)
380 http cache utrie@https://registry.npmjs.org/utrie/-/utrie-1.0.2.tgz 0ms (cache hit)
381 http cache text-segmentation@https://registry.npmjs.org/text-segmentation/-/text-segmentation-1.0.3.tgz 0ms (cache hit)
382 http cache css-line-break@https://registry.npmjs.org/css-line-break/-/css-line-break-2.1.0.tgz 0ms (cache hit)
383 http cache pako@https://registry.npmjs.org/pako/-/pako-2.1.0.tgz 0ms (cache hit)
384 http cache iobuffer@https://registry.npmjs.org/iobuffer/-/iobuffer-5.4.0.tgz 0ms (cache hit)
385 http cache @types/pako@https://registry.npmjs.org/@types/pako/-/pako-2.0.4.tgz 0ms (cache hit)
386 http cache @types/trusted-types@https://registry.npmjs.org/@types/trusted-types/-/trusted-types-2.0.7.tgz 0ms (cache hit)
387 http cache svg-pathdata@https://registry.npmjs.org/svg-pathdata/-/svg-pathdata-6.0.3.tgz 0ms (cache hit)
388 http cache stackblur-canvas@https://registry.npmjs.org/stackblur-canvas/-/stackblur-canvas-2.7.0.tgz 0ms (cache hit)
389 http cache regenerator-runtime@https://registry.npmjs.org/regenerator-runtime/-/regenerator-runtime-0.13.11.tgz 0ms (cache hit)
390 http cache rgbcolor@https://registry.npmjs.org/rgbcolor/-/rgbcolor-1.0.1.tgz 0ms (cache hit)
391 http cache raf@https://registry.npmjs.org/raf/-/raf-3.4.1.tgz 0ms (cache hit)
392 http cache @types/raf@https://registry.npmjs.org/@types/raf/-/raf-3.4.3.tgz 0ms (cache hit)
393 http cache html2canvas@https://registry.npmjs.org/html2canvas/-/html2canvas-1.4.1.tgz 0ms (cache hit)
394 http cache fflate@https://registry.npmjs.org/fflate/-/fflate-0.8.2.tgz 0ms (cache hit)
395 http cache fast-png@https://registry.npmjs.org/fast-png/-/fast-png-6.4.0.tgz 0ms (cache hit)
396 http cache dompurify@https://registry.npmjs.org/dompurify/-/dompurify-3.3.3.tgz 0ms (cache hit)
397 http cache core-js@https://registry.npmjs.org/core-js/-/core-js-3.49.0.tgz 0ms (cache hit)
398 http cache canvg@https://registry.npmjs.org/canvg/-/canvg-3.0.11.tgz 0ms (cache hit)
399 http cache std-env@https://registry.npmjs.org/std-env/-/std-env-3.10.0.tgz 0ms (cache hit)
400 http cache js-cookie@https://registry.npmjs.org/js-cookie/-/js-cookie-3.0.5.tgz 0ms (cache hit)
401 http cache glob-to-regexp@https://registry.npmjs.org/glob-to-regexp/-/glob-to-regexp-0.4.1.tgz 0ms (cache hit)
402 http cache dequal@https://registry.npmjs.org/dequal/-/dequal-2.0.3.tgz 1ms (cache hit)
403 http cache @tanstack/query-core@https://registry.npmjs.org/@tanstack/query-core/-/query-core-5.90.16.tgz 0ms (cache hit)
404 http cache standardwebhooks@https://registry.npmjs.org/standardwebhooks/-/standardwebhooks-1.0.0.tgz 0ms (cache hit)
405 http cache server-only@https://registry.npmjs.org/server-only/-/server-only-0.0.1.tgz 0ms (cache hit)
406 http cache @clerk/shared@https://registry.npmjs.org/@clerk/shared/-/shared-4.6.0.tgz 0ms (cache hit)
407 http cache @clerk/react@https://registry.npmjs.org/@clerk/react/-/react-6.2.1.tgz 0ms (cache hit)
408 http cache @clerk/backend@https://registry.npmjs.org/@clerk/backend/-/backend-3.2.8.tgz 0ms (cache hit)
409 http cache mongoose@https://registry.npmjs.org/mongoose/-/mongoose-9.4.1.tgz 0ms (cache hit)
410 http cache jspdf-autotable@https://registry.npmjs.org/jspdf-autotable/-/jspdf-autotable-5.0.7.tgz 0ms (cache hit)
411 http cache jspdf@https://registry.npmjs.org/jspdf/-/jspdf-4.2.1.tgz 0ms (cache hit)
412 http cache @clerk/nextjs@https://registry.npmjs.org/@clerk/nextjs/-/nextjs-7.0.12.tgz 0ms (cache hit)
413 silly tarball no local data for punycode@https://registry.npmjs.org/punycode/-/punycode-2.3.1.tgz. Extracting by manifest.
414 silly tarball no local data for tr46@https://registry.npmjs.org/tr46/-/tr46-5.1.1.tgz. Extracting by manifest.
415 silly tarball no local data for webidl-conversions@https://registry.npmjs.org/webidl-conversions/-/webidl-conversions-7.0.0.tgz. Extracting by manifest.
416 silly tarball no local data for base64-arraybuffer@https://registry.npmjs.org/base64-arraybuffer/-/base64-arraybuffer-1.0.2.tgz. Extracting by manifest.
417 silly tarball no local data for fast-sha256@https://registry.npmjs.org/fast-sha256/-/fast-sha256-1.3.0.tgz. Extracting by manifest.
418 silly tarball no local data for memory-pager@https://registry.npmjs.org/memory-pager/-/memory-pager-1.5.0.tgz. Extracting by manifest.
419 silly tarball no local data for @stablelib/base64@https://registry.npmjs.org/@stablelib/base64/-/base64-1.0.1.tgz. Extracting by manifest.
420 silly tarball no local data for performance-now@https://registry.npmjs.org/performance-now/-/performance-now-2.1.0.tgz. Extracting by manifest.
421 silly tarball no local data for @types/webidl-conversions@https://registry.npmjs.org/@types/webidl-conversions/-/webidl-conversions-7.0.3.tgz. Extracting by manifest.
422 silly tarball no local data for whatwg-url@https://registry.npmjs.org/whatwg-url/-/whatwg-url-14.2.0.tgz. Extracting by manifest.
423 silly tarball no local data for @types/whatwg-url@https://registry.npmjs.org/@types/whatwg-url/-/whatwg-url-13.0.0.tgz. Extracting by manifest.
424 silly tarball no local data for sparse-bitfield@https://registry.npmjs.org/sparse-bitfield/-/sparse-bitfield-3.0.3.tgz. Extracting by manifest.
425 silly tarball no local data for mongodb-connection-string-url@https://registry.npmjs.org/mongodb-connection-string-url/-/mongodb-connection-string-url-7.0.1.tgz. Extracting by manifest.
426 silly tarball no local data for bson@https://registry.npmjs.org/bson/-/bson-7.2.0.tgz. Extracting by manifest.
427 silly tarball no local data for @mongodb-js/saslprep@https://registry.npmjs.org/@mongodb-js/saslprep/-/saslprep-1.4.6.tgz. Extracting by manifest.
428 silly tarball no local data for sift@https://registry.npmjs.org/sift/-/sift-17.1.3.tgz. Extracting by manifest.
429 silly tarball no local data for ms@https://registry.npmjs.org/ms/-/ms-2.1.3.tgz. Extracting by manifest.
430 silly tarball no local data for mquery@https://registry.npmjs.org/mquery/-/mquery-6.0.0.tgz. Extracting by manifest.
431 silly tarball no local data for mpath@https://registry.npmjs.org/mpath/-/mpath-0.9.0.tgz. Extracting by manifest.
432 silly tarball no local data for mongodb@https://registry.npmjs.org/mongodb/-/mongodb-7.1.1.tgz. Extracting by manifest.
433 silly tarball no local data for kareem@https://registry.npmjs.org/kareem/-/kareem-3.2.0.tgz. Extracting by manifest.
434 silly tarball no local data for utrie@https://registry.npmjs.org/utrie/-/utrie-1.0.2.tgz. Extracting by manifest.
435 silly tarball no local data for text-segmentation@https://registry.npmjs.org/text-segmentation/-/text-segmentation-1.0.3.tgz. Extracting by manifest.
436 silly tarball no local data for css-line-break@https://registry.npmjs.org/css-line-break/-/css-line-break-2.1.0.tgz. Extracting by manifest.
437 silly tarball no local data for pako@https://registry.npmjs.org/pako/-/pako-2.1.0.tgz. Extracting by manifest.
438 silly tarball no local data for iobuffer@https://registry.npmjs.org/iobuffer/-/iobuffer-5.4.0.tgz. Extracting by manifest.
439 silly tarball no local data for @types/pako@https://registry.npmjs.org/@types/pako/-/pako-2.0.4.tgz. Extracting by manifest.
440 silly tarball no local data for @types/trusted-types@https://registry.npmjs.org/@types/trusted-types/-/trusted-types-2.0.7.tgz. Extracting by manifest.
441 silly tarball no local data for svg-pathdata@https://registry.npmjs.org/svg-pathdata/-/svg-pathdata-6.0.3.tgz. Extracting by manifest.
442 silly tarball no local data for stackblur-canvas@https://registry.npmjs.org/stackblur-canvas/-/stackblur-canvas-2.7.0.tgz. Extracting by manifest.
443 silly tarball no local data for regenerator-runtime@https://registry.npmjs.org/regenerator-runtime/-/regenerator-runtime-0.13.11.tgz. Extracting by manifest.
444 silly tarball no local data for rgbcolor@https://registry.npmjs.org/rgbcolor/-/rgbcolor-1.0.1.tgz. Extracting by manifest.
445 silly tarball no local data for raf@https://registry.npmjs.org/raf/-/raf-3.4.1.tgz. Extracting by manifest.
446 silly tarball no local data for @types/raf@https://registry.npmjs.org/@types/raf/-/raf-3.4.3.tgz. Extracting by manifest.
447 silly tarball no local data for html2canvas@https://registry.npmjs.org/html2canvas/-/html2canvas-1.4.1.tgz. Extracting by manifest.
448 silly tarball no local data for fflate@https://registry.npmjs.org/fflate/-/fflate-0.8.2.tgz. Extracting by manifest.
449 silly tarball no local data for fast-png@https://registry.npmjs.org/fast-png/-/fast-png-6.4.0.tgz. Extracting by manifest.
450 silly tarball no local data for dompurify@https://registry.npmjs.org/dompurify/-/dompurify-3.3.3.tgz. Extracting by manifest.
451 silly tarball no local data for core-js@https://registry.npmjs.org/core-js/-/core-js-3.49.0.tgz. Extracting by manifest.
452 silly tarball no local data for canvg@https://registry.npmjs.org/canvg/-/canvg-3.0.11.tgz. Extracting by manifest.
453 silly tarball no local data for std-env@https://registry.npmjs.org/std-env/-/std-env-3.10.0.tgz. Extracting by manifest.
454 silly tarball no local data for js-cookie@https://registry.npmjs.org/js-cookie/-/js-cookie-3.0.5.tgz. Extracting by manifest.
455 silly tarball no local data for glob-to-regexp@https://registry.npmjs.org/glob-to-regexp/-/glob-to-regexp-0.4.1.tgz. Extracting by manifest.
456 silly tarball no local data for dequal@https://registry.npmjs.org/dequal/-/dequal-2.0.3.tgz. Extracting by manifest.
457 silly tarball no local data for @tanstack/query-core@https://registry.npmjs.org/@tanstack/query-core/-/query-core-5.90.16.tgz. Extracting by manifest.
458 silly tarball no local data for standardwebhooks@https://registry.npmjs.org/standardwebhooks/-/standardwebhooks-1.0.0.tgz. Extracting by manifest.
459 silly tarball no local data for server-only@https://registry.npmjs.org/server-only/-/server-only-0.0.1.tgz. Extracting by manifest.
460 silly tarball no local data for @clerk/shared@https://registry.npmjs.org/@clerk/shared/-/shared-4.6.0.tgz. Extracting by manifest.
461 silly tarball no local data for @clerk/react@https://registry.npmjs.org/@clerk/react/-/react-6.2.1.tgz. Extracting by manifest.
462 silly tarball no local data for @clerk/backend@https://registry.npmjs.org/@clerk/backend/-/backend-3.2.8.tgz. Extracting by manifest.
463 silly tarball no local data for mongoose@https://registry.npmjs.org/mongoose/-/mongoose-9.4.1.tgz. Extracting by manifest.
464 silly tarball no local data for jspdf-autotable@https://registry.npmjs.org/jspdf-autotable/-/jspdf-autotable-5.0.7.tgz. Extracting by manifest.
465 silly tarball no local data for jspdf@https://registry.npmjs.org/jspdf/-/jspdf-4.2.1.tgz. Extracting by manifest.
466 silly tarball no local data for @clerk/nextjs@https://registry.npmjs.org/@clerk/nextjs/-/nextjs-7.0.12.tgz. Extracting by manifest.
467 http fetch POST 200 https://registry.npmjs.org/-/npm/v1/security/advisories/bulk 706ms
468 silly audit report {
468 silly audit report   next: [
468 silly audit report     {
468 silly audit report       id: 1116375,
468 silly audit report       url: 'https://github.com/advisories/GHSA-q4gf-8mx6-v5v3',
468 silly audit report       title: 'Next.js has a Denial of Service with Server Components',
468 silly audit report       severity: 'high',
468 silly audit report       vulnerable_versions: '>=16.0.0-beta.0 <16.2.3',
468 silly audit report       cwe: [Array],
468 silly audit report       cvss: [Object]
468 silly audit report     }
468 silly audit report   ]
468 silly audit report }
469 silly packumentCache corgi:https://registry.npmjs.org/next cache-miss
470 http fetch GET 200 https://registry.npmjs.org/punycode/-/punycode-2.3.1.tgz 1822ms (cache miss)
471 http fetch GET 200 https://registry.npmjs.org/mpath/-/mpath-0.9.0.tgz 1832ms (cache miss)
472 http fetch GET 200 https://registry.npmjs.org/ms/-/ms-2.1.3.tgz 1897ms (cache miss)
473 http fetch GET 200 https://registry.npmjs.org/regenerator-runtime/-/regenerator-runtime-0.13.11.tgz 1996ms (cache miss)
474 http fetch GET 200 https://registry.npmjs.org/raf/-/raf-3.4.1.tgz 1995ms (cache miss)
475 http fetch GET 200 https://registry.npmjs.org/js-cookie/-/js-cookie-3.0.5.tgz 2007ms (cache miss)
476 http fetch GET 200 https://registry.npmjs.org/rgbcolor/-/rgbcolor-1.0.1.tgz 2047ms (cache miss)
477 http fetch GET 200 https://registry.npmjs.org/@types/webidl-conversions/-/webidl-conversions-7.0.3.tgz 2115ms (cache miss)
478 http fetch GET 200 https://registry.npmjs.org/webidl-conversions/-/webidl-conversions-7.0.0.tgz 2166ms (cache miss)
479 http fetch GET 200 https://registry.npmjs.org/@types/pako/-/pako-2.0.4.tgz 2105ms (cache miss)
480 http fetch GET 200 https://registry.npmjs.org/dequal/-/dequal-2.0.3.tgz 2070ms (cache miss)
481 http fetch GET 200 https://registry.npmjs.org/memory-pager/-/memory-pager-1.5.0.tgz 2173ms (cache miss)
482 http fetch GET 200 https://registry.npmjs.org/glob-to-regexp/-/glob-to-regexp-0.4.1.tgz 2085ms (cache miss)
483 http fetch GET 200 https://registry.npmjs.org/@types/raf/-/raf-3.4.3.tgz 2107ms (cache miss)
484 http fetch GET 200 https://registry.npmjs.org/server-only/-/server-only-0.0.1.tgz 2094ms (cache miss)
485 http fetch GET 200 https://registry.npmjs.org/@types/trusted-types/-/trusted-types-2.0.7.tgz 2138ms (cache miss)
486 http fetch GET 200 https://registry.npmjs.org/sparse-bitfield/-/sparse-bitfield-3.0.3.tgz 2222ms (cache miss)
487 http fetch GET 200 https://registry.npmjs.org/fast-sha256/-/fast-sha256-1.3.0.tgz 2328ms (cache miss)
488 http fetch GET 200 https://registry.npmjs.org/tr46/-/tr46-5.1.1.tgz 2660ms (cache miss)
489 http fetch GET 200 https://registry.npmjs.org/standardwebhooks/-/standardwebhooks-1.0.0.tgz 2543ms (cache miss)
490 http fetch GET 200 https://registry.npmjs.org/@types/whatwg-url/-/whatwg-url-13.0.0.tgz 2692ms (cache miss)
491 http fetch GET 200 https://registry.npmjs.org/std-env/-/std-env-3.10.0.tgz 2651ms (cache miss)
492 http fetch GET 200 https://registry.npmjs.org/jspdf-autotable/-/jspdf-autotable-5.0.7.tgz 2796ms (cache miss)
493 http fetch GET 200 https://registry.npmjs.org/mongodb-connection-string-url/-/mongodb-connection-string-url-7.0.1.tgz 2938ms (cache miss)
494 http fetch GET 200 https://registry.npmjs.org/base64-arraybuffer/-/base64-arraybuffer-1.0.2.tgz 3077ms (cache miss)
495 http fetch GET 200 https://registry.npmjs.org/mquery/-/mquery-6.0.0.tgz 3244ms (cache miss)
496 http fetch GET 200 https://registry.npmjs.org/iobuffer/-/iobuffer-5.4.0.tgz 3361ms (cache miss)
497 http fetch GET 200 https://registry.npmjs.org/performance-now/-/performance-now-2.1.0.tgz 3493ms (cache miss)
498 http fetch GET 200 https://registry.npmjs.org/stackblur-canvas/-/stackblur-canvas-2.7.0.tgz 3528ms (cache miss)
499 http fetch GET 200 https://registry.npmjs.org/whatwg-url/-/whatwg-url-14.2.0.tgz 3700ms (cache miss)
500 http fetch GET 200 https://registry.npmjs.org/@stablelib/base64/-/base64-1.0.1.tgz 3731ms (cache miss)
501 http fetch GET 200 https://registry.npmjs.org/sift/-/sift-17.1.3.tgz 3962ms (cache miss)
502 http fetch GET 200 https://registry.npmjs.org/kareem/-/kareem-3.2.0.tgz 3961ms (cache miss)
503 http fetch GET 200 https://registry.npmjs.org/text-segmentation/-/text-segmentation-1.0.3.tgz 4041ms (cache miss)
504 http fetch GET 200 https://registry.npmjs.org/dompurify/-/dompurify-3.3.3.tgz 4111ms (cache miss)
505 http fetch GET 200 https://registry.npmjs.org/fflate/-/fflate-0.8.2.tgz 4584ms (cache miss)
506 http fetch GET 200 https://registry.npmjs.org/svg-pathdata/-/svg-pathdata-6.0.3.tgz 4835ms (cache miss)
507 http fetch GET 200 https://registry.npmjs.org/utrie/-/utrie-1.0.2.tgz 4916ms (cache miss)
508 http fetch GET 200 https://registry.npmjs.org/css-line-break/-/css-line-break-2.1.0.tgz 4988ms (cache miss)
509 http fetch GET 200 https://registry.npmjs.org/@mongodb-js/saslprep/-/saslprep-1.4.6.tgz 5759ms (cache miss)
510 http fetch GET 200 https://registry.npmjs.org/pako/-/pako-2.1.0.tgz 7014ms (cache miss)
511 http fetch GET 200 https://registry.npmjs.org/@clerk/react/-/react-6.2.1.tgz 7150ms (cache miss)
512 http fetch GET 200 https://registry.npmjs.org/bson/-/bson-7.2.0.tgz 7447ms (cache miss)
513 http fetch GET 200 https://registry.npmjs.org/fast-png/-/fast-png-6.4.0.tgz 7734ms (cache miss)
514 http fetch GET 200 https://registry.npmjs.org/canvg/-/canvg-3.0.11.tgz 10783ms (cache miss)
515 http fetch GET 200 https://registry.npmjs.org/next 10877ms (cache miss)
516 silly packumentCache corgi:https://registry.npmjs.org/next set size:undefined disposed:false
517 silly packumentCache corgi:https://registry.npmjs.org/@vercel%2fanalytics cache-miss
518 silly packumentCache corgi:https://registry.npmjs.org/@clerk%2fnextjs cache-miss
519 http fetch GET 200 https://registry.npmjs.org/@vercel%2fanalytics 988ms (cache miss)
520 silly packumentCache corgi:https://registry.npmjs.org/@vercel%2fanalytics set size:undefined disposed:false
521 http fetch GET 200 https://registry.npmjs.org/jspdf/-/jspdf-4.2.1.tgz 13677ms (cache miss)
522 http fetch GET 200 https://registry.npmjs.org/@clerk%2fnextjs 3002ms (cache miss)
523 silly packumentCache corgi:https://registry.npmjs.org/@clerk%2fnextjs set size:undefined disposed:false
524 http fetch GET 200 https://registry.npmjs.org/@tanstack/query-core/-/query-core-5.90.16.tgz 16501ms (cache miss)
525 http fetch GET 200 https://registry.npmjs.org/mongoose/-/mongoose-9.4.1.tgz 16594ms (cache miss)
526 http fetch GET 200 https://registry.npmjs.org/@clerk/backend/-/backend-3.2.8.tgz 17605ms (cache miss)
527 http fetch GET 200 https://registry.npmjs.org/mongodb/-/mongodb-7.1.1.tgz 18601ms (cache miss)
528 http fetch GET 200 https://registry.npmjs.org/html2canvas/-/html2canvas-1.4.1.tgz 19625ms (cache miss)
529 http fetch GET 200 https://registry.npmjs.org/@clerk/nextjs/-/nextjs-7.0.12.tgz 20118ms (cache miss)
530 http fetch GET 200 https://registry.npmjs.org/@clerk/shared/-/shared-4.6.0.tgz 22359ms (cache miss)
531 http fetch GET 200 https://registry.npmjs.org/core-js/-/core-js-3.49.0.tgz 34109ms (cache miss)
532 info run @clerk/shared@4.6.0 postinstall node_modules/@clerk/shared node ./scripts/postinstall.mjs
533 info run core-js@3.49.0 postinstall node_modules/core-js node -e "try{require('./postinstall')}catch(e){}"
534 info run core-js@3.49.0 postinstall { code: 0, signal: null }
535 info run @clerk/shared@4.6.0 postinstall { code: 0, signal: null }
536 silly ADD node_modules/punycode
537 silly ADD node_modules/webidl-conversions
538 silly ADD node_modules/tr46
539 silly ADD node_modules/base64-arraybuffer
540 silly ADD node_modules/fast-sha256
541 silly ADD node_modules/@stablelib/base64
542 silly ADD node_modules/memory-pager
543 silly ADD node_modules/performance-now
544 silly ADD node_modules/@types/webidl-conversions
545 silly ADD node_modules/whatwg-url
546 silly ADD node_modules/@types/whatwg-url
547 silly ADD node_modules/sparse-bitfield
548 silly ADD node_modules/mongodb-connection-string-url
549 silly ADD node_modules/bson
550 silly ADD node_modules/@mongodb-js/saslprep
551 silly ADD node_modules/sift
552 silly ADD node_modules/ms
553 silly ADD node_modules/mquery
554 silly ADD node_modules/mpath
555 silly ADD node_modules/mongodb
556 silly ADD node_modules/kareem
557 silly ADD node_modules/utrie
558 silly ADD node_modules/text-segmentation
559 silly ADD node_modules/css-line-break
560 silly ADD node_modules/pako
561 silly ADD node_modules/iobuffer
562 silly ADD node_modules/@types/pako
563 silly ADD node_modules/@types/trusted-types
564 silly ADD node_modules/svg-pathdata
565 silly ADD node_modules/stackblur-canvas
566 silly ADD node_modules/rgbcolor
567 silly ADD node_modules/regenerator-runtime
568 silly ADD node_modules/raf
569 silly ADD node_modules/@types/raf
570 silly ADD node_modules/html2canvas
571 silly ADD node_modules/fflate
572 silly ADD node_modules/fast-png
573 silly ADD node_modules/dompurify
574 silly ADD node_modules/core-js
575 silly ADD node_modules/canvg
576 silly ADD node_modules/std-env
577 silly ADD node_modules/js-cookie
578 silly ADD node_modules/glob-to-regexp
579 silly ADD node_modules/dequal
580 silly ADD node_modules/@tanstack/query-core
581 silly ADD node_modules/standardwebhooks
582 silly ADD node_modules/server-only
583 silly ADD node_modules/@clerk/shared
584 silly ADD node_modules/@clerk/react
585 silly ADD node_modules/@clerk/backend
586 silly ADD node_modules/mongoose
587 silly ADD node_modules/jspdf-autotable
588 silly ADD node_modules/jspdf
589 silly ADD node_modules/@clerk/nextjs
590 verbose cwd D:\waler
591 verbose os Windows_NT 10.0.18363
592 verbose node v24.12.0
593 verbose npm  v11.6.2
594 notice
594 notice New [33mminor[39m version of npm available! [33m11.6.2[39m -> [34m11.12.1[39m
594 notice Changelog: [34mhttps://github.com/npm/cli/releases/tag/v11.12.1[39m
594 notice To update run: [4mnpm install -g npm@11.12.1[24m
594 notice  { force: true, Symbol(proc-log.meta): true }
595 verbose exit 0
596 info ok
