0 verbose cli C:\Program Files\nodejs\node.exe C:\Program Files\nodejs\node_modules\npm\bin\npm-cli.js
1 info using npm@11.6.2
2 info using node@v24.12.0
3 silly config load:file:C:\Program Files\nodejs\node_modules\npm\npmrc
4 silly config load:file:D:\waler\.npmrc
5 silly config load:file:C:\Users\WASEEM\.npmrc
6 silly config load:file:C:\Users\WASEEM\AppData\Roaming\npm\etc\npmrc
7 verbose title npm install ts-node
8 verbose argv "install" "--save-dev" "ts-node"
9 verbose logfile logs-max:10 dir:D:\waler\.npm-cache\_logs\2026-04-12T15_38_26_347Z-
10 verbose logfile D:\waler\.npm-cache\_logs\2026-04-12T15_38_26_347Z-debug-0.log
11 silly logfile done cleaning log files
12 silly packumentCache heap:2348810240 maxSize:587202560 maxEntrySize:293601280
13 silly idealTree buildDeps
14 silly fetch manifest ts-node@*
15 silly packumentCache full:https://registry.npmjs.org/ts-node cache-miss
16 http fetch GET 200 https://registry.npmjs.org/ts-node 618ms (cache miss)
17 silly packumentCache full:https://registry.npmjs.org/ts-node set size:undefined disposed:false
18 silly fetch manifest @swc/core@>=1.2.50
19 silly packumentCache full:https://registry.npmjs.org/@swc%2fcore cache-miss
20 http fetch GET 200 https://registry.npmjs.org/@swc%2fcore 809ms (cache miss)
21 silly packumentCache full:https://registry.npmjs.org/@swc%2fcore set size:undefined disposed:false
22 silly fetch manifest @swc/helpers@>=0.5.17
23 silly packumentCache full:https://registry.npmjs.org/@swc%2fhelpers cache-miss
24 http fetch GET 200 https://registry.npmjs.org/@swc%2fhelpers 966ms (cache miss)
25 silly packumentCache full:https://registry.npmjs.org/@swc%2fhelpers set size:undefined disposed:false
26 silly fetch manifest @swc/wasm@>=1.2.50
27 silly packumentCache full:https://registry.npmjs.org/@swc%2fwasm cache-miss
28 http fetch GET 200 https://registry.npmjs.org/@swc%2fwasm 905ms (cache miss)
29 silly packumentCache full:https://registry.npmjs.org/@swc%2fwasm set size:undefined disposed:false
30 silly fetch manifest @types/node@^22
31 silly packumentCache full:https://registry.npmjs.org/@types%2fnode cache-miss
32 http fetch GET 200 https://registry.npmjs.org/@types%2fnode 494ms (cache miss)
33 silly packumentCache full:https://registry.npmjs.org/@types%2fnode set size:undefined disposed:false
34 silly fetch manifest typescript@5.7.3
35 silly packumentCache full:https://registry.npmjs.org/typescript cache-miss
36 http fetch GET 200 https://registry.npmjs.org/typescript 772ms (cache miss)
37 silly packumentCache full:https://registry.npmjs.org/typescript set size:undefined disposed:false
38 silly placeDep ROOT ts-node@10.9.2 OK for: my-project@0.1.0 want: *
39 silly fetch manifest yn@3.1.1
40 silly packumentCache full:https://registry.npmjs.org/yn cache-miss
41 silly fetch manifest arg@^4.1.0
42 silly packumentCache full:https://registry.npmjs.org/arg cache-miss
43 silly fetch manifest diff@^4.0.1
44 silly packumentCache full:https://registry.npmjs.org/diff cache-miss
45 http fetch GET 200 https://registry.npmjs.org/yn 464ms (cache miss)
46 silly packumentCache full:https://registry.npmjs.org/yn set size:undefined disposed:false
47 silly fetch manifest acorn@^8.4.1
48 silly packumentCache full:https://registry.npmjs.org/acorn cache-miss
49 http fetch GET 200 https://registry.npmjs.org/arg 475ms (cache miss)
50 silly packumentCache full:https://registry.npmjs.org/arg set size:undefined disposed:false
51 silly fetch manifest acorn-walk@^8.1.1
52 silly packumentCache full:https://registry.npmjs.org/acorn-walk cache-miss
53 http fetch GET 200 https://registry.npmjs.org/acorn 53ms (cache miss)
54 silly packumentCache full:https://registry.npmjs.org/acorn set size:undefined disposed:false
55 silly fetch manifest make-error@^1.1.1
56 silly packumentCache full:https://registry.npmjs.org/make-error cache-miss
57 http fetch GET 200 https://registry.npmjs.org/diff 619ms (cache miss)
58 silly packumentCache full:https://registry.npmjs.org/diff set size:undefined disposed:false
59 silly fetch manifest create-require@^1.1.0
60 silly packumentCache full:https://registry.npmjs.org/create-require cache-miss
61 http fetch GET 200 https://registry.npmjs.org/acorn-walk 421ms (cache miss)
62 silly packumentCache full:https://registry.npmjs.org/acorn-walk set size:undefined disposed:false
63 silly fetch manifest @tsconfig/node10@^1.0.7
64 silly packumentCache full:https://registry.npmjs.org/@tsconfig%2fnode10 cache-miss
65 http fetch GET 200 https://registry.npmjs.org/make-error 431ms (cache miss)
66 silly packumentCache full:https://registry.npmjs.org/make-error set size:undefined disposed:false
67 silly fetch manifest @tsconfig/node12@^1.0.7
68 silly packumentCache full:https://registry.npmjs.org/@tsconfig%2fnode12 cache-miss
69 http fetch GET 200 https://registry.npmjs.org/create-require 403ms (cache miss)
70 silly packumentCache full:https://registry.npmjs.org/create-require set size:undefined disposed:false
71 silly fetch manifest @tsconfig/node14@^1.0.0
72 silly packumentCache full:https://registry.npmjs.org/@tsconfig%2fnode14 cache-miss
73 http fetch GET 200 https://registry.npmjs.org/@tsconfig%2fnode12 302ms (cache miss)
74 silly packumentCache full:https://registry.npmjs.org/@tsconfig%2fnode12 set size:undefined disposed:false
75 silly fetch manifest @tsconfig/node16@^1.0.2
76 silly packumentCache full:https://registry.npmjs.org/@tsconfig%2fnode16 cache-miss
77 http fetch GET 200 https://registry.npmjs.org/@tsconfig%2fnode14 245ms (cache miss)
78 silly packumentCache full:https://registry.npmjs.org/@tsconfig%2fnode14 set size:undefined disposed:false
79 silly fetch manifest v8-compile-cache-lib@^3.0.1
80 silly packumentCache full:https://registry.npmjs.org/v8-compile-cache-lib cache-miss
81 http fetch GET 200 https://registry.npmjs.org/v8-compile-cache-lib 41ms (cache miss)
82 silly packumentCache full:https://registry.npmjs.org/v8-compile-cache-lib set size:undefined disposed:false
83 silly fetch manifest @cspotcode/source-map-support@^0.8.0
84 silly packumentCache full:https://registry.npmjs.org/@cspotcode%2fsource-map-support cache-miss
85 http fetch GET 200 https://registry.npmjs.org/@tsconfig%2fnode10 498ms (cache miss)
86 silly packumentCache full:https://registry.npmjs.org/@tsconfig%2fnode10 set size:undefined disposed:false
87 http fetch GET 200 https://registry.npmjs.org/@cspotcode%2fsource-map-support 520ms (cache miss)
88 silly packumentCache full:https://registry.npmjs.org/@cspotcode%2fsource-map-support set size:undefined disposed:false
89 http fetch GET 200 https://registry.npmjs.org/@tsconfig%2fnode16 841ms (cache miss)
90 silly packumentCache full:https://registry.npmjs.org/@tsconfig%2fnode16 set size:undefined disposed:false
91 silly placeDep ROOT @cspotcode/source-map-support@0.8.1 OK for: ts-node@10.9.2 want: ^0.8.0
92 silly placeDep ROOT @tsconfig/node10@1.0.12 OK for: ts-node@10.9.2 want: ^1.0.7
93 silly placeDep ROOT @tsconfig/node12@1.0.11 OK for: ts-node@10.9.2 want: ^1.0.7
94 silly placeDep ROOT @tsconfig/node14@1.0.3 OK for: ts-node@10.9.2 want: ^1.0.0
95 silly placeDep ROOT @tsconfig/node16@1.0.4 OK for: ts-node@10.9.2 want: ^1.0.2
96 silly placeDep ROOT acorn@8.16.0 OK for: ts-node@10.9.2 want: ^8.4.1
97 silly placeDep ROOT acorn-walk@8.3.5 OK for: ts-node@10.9.2 want: ^8.1.1
98 silly placeDep ROOT arg@4.1.3 OK for: ts-node@10.9.2 want: ^4.1.0
99 silly placeDep ROOT create-require@1.1.1 OK for: ts-node@10.9.2 want: ^1.1.0
100 silly placeDep ROOT diff@4.0.4 OK for: ts-node@10.9.2 want: ^4.0.1
101 silly placeDep ROOT make-error@1.3.6 OK for: ts-node@10.9.2 want: ^1.1.1
102 silly placeDep ROOT v8-compile-cache-lib@3.0.1 OK for: ts-node@10.9.2 want: ^3.0.1
103 silly placeDep ROOT yn@3.1.1 OK for: ts-node@10.9.2 want: 3.1.1
104 silly fetch manifest @jridgewell/trace-mapping@0.3.9
105 silly packumentCache full:https://registry.npmjs.org/@jridgewell%2ftrace-mapping cache-miss
106 http fetch GET 200 https://registry.npmjs.org/@jridgewell%2ftrace-mapping 555ms (cache miss)
107 silly packumentCache full:https://registry.npmjs.org/@jridgewell%2ftrace-mapping set size:undefined disposed:false
108 silly placeDep node_modules/@cspotcode/source-map-support @jridgewell/trace-mapping@0.3.9 OK for: @cspotcode/source-map-support@0.8.1 want: 0.3.9
109 silly reify moves {}
110 silly audit bulk request {
110 silly audit   '@alloc/quick-lru': [ '5.2.0' ],
110 silly audit   '@babel/runtime': [ '7.29.2' ],
110 silly audit   '@clerk/backend': [ '3.2.8' ],
110 silly audit   '@clerk/nextjs': [ '7.0.12' ],
110 silly audit   '@clerk/react': [ '6.2.1' ],
110 silly audit   '@clerk/shared': [ '4.6.0' ],
110 silly audit   '@date-fns/tz': [ '1.4.1' ],
110 silly audit   '@emnapi/runtime': [ '1.9.2' ],
110 silly audit   '@floating-ui/core': [ '1.7.5' ],
110 silly audit   '@floating-ui/dom': [ '1.7.6' ],
110 silly audit   '@floating-ui/react-dom': [ '2.1.8' ],
110 silly audit   '@floating-ui/utils': [ '0.2.11' ],
110 silly audit   '@hookform/resolvers': [ '3.10.0' ],
110 silly audit   '@img/colour': [ '1.1.0' ],
110 silly audit   '@img/sharp-darwin-arm64': [ '0.34.5' ],
110 silly audit   '@img/sharp-darwin-x64': [ '0.34.5' ],
110 silly audit   '@img/sharp-libvips-darwin-arm64': [ '1.2.4' ],
110 silly audit   '@img/sharp-libvips-darwin-x64': [ '1.2.4' ],
110 silly audit   '@img/sharp-libvips-linux-arm': [ '1.2.4' ],
110 silly audit   '@img/sharp-libvips-linux-arm64': [ '1.2.4' ],
110 silly audit   '@img/sharp-libvips-linux-ppc64': [ '1.2.4' ],
110 silly audit   '@img/sharp-libvips-linux-riscv64': [ '1.2.4' ],
110 silly audit   '@img/sharp-libvips-linux-s390x': [ '1.2.4' ],
110 silly audit   '@img/sharp-libvips-linux-x64': [ '1.2.4' ],
110 silly audit   '@img/sharp-libvips-linuxmusl-arm64': [ '1.2.4' ],
110 silly audit   '@img/sharp-libvips-linuxmusl-x64': [ '1.2.4' ],
110 silly audit   '@img/sharp-linux-arm': [ '0.34.5' ],
110 silly audit   '@img/sharp-linux-arm64': [ '0.34.5' ],
110 silly audit   '@img/sharp-linux-ppc64': [ '0.34.5' ],
110 silly audit   '@img/sharp-linux-riscv64': [ '0.34.5' ],
110 silly audit   '@img/sharp-linux-s390x': [ '0.34.5' ],
110 silly audit   '@img/sharp-linux-x64': [ '0.34.5' ],
110 silly audit   '@img/sharp-linuxmusl-arm64': [ '0.34.5' ],
110 silly audit   '@img/sharp-linuxmusl-x64': [ '0.34.5' ],
110 silly audit   '@img/sharp-wasm32': [ '0.34.5' ],
110 silly audit   '@img/sharp-win32-arm64': [ '0.34.5' ],
110 silly audit   '@img/sharp-win32-ia32': [ '0.34.5' ],
110 silly audit   '@img/sharp-win32-x64': [ '0.34.5' ],
110 silly audit   '@jridgewell/gen-mapping': [ '0.3.13' ],
110 silly audit   '@jridgewell/remapping': [ '2.3.5' ],
110 silly audit   '@jridgewell/resolve-uri': [ '3.1.2' ],
110 silly audit   '@jridgewell/sourcemap-codec': [ '1.5.5' ],
110 silly audit   '@jridgewell/trace-mapping': [ '0.3.31', '0.3.9' ],
110 silly audit   '@mongodb-js/saslprep': [ '1.4.6' ],
110 silly audit   '@next/env': [ '16.2.0' ],
110 silly audit   '@next/swc-darwin-arm64': [ '16.2.0' ],
110 silly audit   '@next/swc-darwin-x64': [ '16.2.0' ],
110 silly audit   '@next/swc-linux-arm64-gnu': [ '16.2.0' ],
110 silly audit   '@next/swc-linux-arm64-musl': [ '16.2.0' ],
110 silly audit   '@next/swc-linux-x64-gnu': [ '16.2.0' ],
110 silly audit   '@next/swc-linux-x64-musl': [ '16.2.0' ],
110 silly audit   '@next/swc-win32-arm64-msvc': [ '16.2.0' ],
110 silly audit   '@next/swc-win32-x64-msvc': [ '16.2.0' ],
110 silly audit   '@radix-ui/number': [ '1.1.1' ],
110 silly audit   '@radix-ui/primitive': [ '1.1.3' ],
110 silly audit   '@radix-ui/react-accordion': [ '1.2.12' ],
110 silly audit   '@radix-ui/react-alert-dialog': [ '1.1.15' ],
110 silly audit   '@radix-ui/react-slot': [ '1.2.3', '1.2.4' ],
110 silly audit   '@radix-ui/react-arrow': [ '1.1.7' ],
110 silly audit   '@radix-ui/react-aspect-ratio': [ '1.1.8' ],
110 silly audit   '@radix-ui/react-primitive': [ '2.1.4', '2.1.3' ],
110 silly audit   '@radix-ui/react-avatar': [ '1.1.11' ],
110 silly audit   '@radix-ui/react-context': [ '1.1.3', '1.1.2' ],
110 silly audit   '@radix-ui/react-checkbox': [ '1.3.3' ],
110 silly audit   '@radix-ui/react-collapsible': [ '1.1.12' ],
110 silly audit   '@radix-ui/react-collection': [ '1.1.7' ],
110 silly audit   '@radix-ui/react-compose-refs': [ '1.1.2' ],
110 silly audit   '@radix-ui/react-context-menu': [ '2.2.16' ],
110 silly audit   '@radix-ui/react-dialog': [ '1.1.15' ],
110 silly audit   '@radix-ui/react-direction': [ '1.1.1' ],
110 silly audit   '@radix-ui/react-dismissable-layer': [ '1.1.11' ],
110 silly audit   '@radix-ui/react-dropdown-menu': [ '2.1.16' ],
110 silly audit   '@radix-ui/react-focus-guards': [ '1.1.3' ],
110 silly audit   '@radix-ui/react-focus-scope': [ '1.1.7' ],
110 silly audit   '@radix-ui/react-hover-card': [ '1.1.15' ],
110 silly audit   '@radix-ui/react-id': [ '1.1.1' ],
110 silly audit   '@radix-ui/react-label': [ '2.1.8' ],
110 silly audit   '@radix-ui/react-menu': [ '2.1.16' ],
110 silly audit   '@radix-ui/react-menubar': [ '1.1.16' ],
110 silly audit   '@radix-ui/react-navigation-menu': [ '1.2.14' ],
110 silly audit   '@radix-ui/react-popover': [ '1.1.15' ],
110 silly audit   '@radix-ui/react-popper': [ '1.2.8' ],
110 silly audit   '@radix-ui/react-portal': [ '1.1.9' ],
110 silly audit   '@radix-ui/react-presence': [ '1.1.5' ],
110 silly audit   '@radix-ui/react-progress': [ '1.1.8' ],
110 silly audit   '@radix-ui/react-radio-group': [ '1.3.8' ],
110 silly audit   '@radix-ui/react-roving-focus': [ '1.1.11' ],
110 silly audit   '@radix-ui/react-scroll-area': [ '1.2.10' ],
110 silly audit   '@radix-ui/react-select': [ '2.2.6' ],
110 silly audit   '@radix-ui/react-separator': [ '1.1.8' ],
110 silly audit   '@radix-ui/react-slider': [ '1.3.6' ],
110 silly audit   '@radix-ui/react-switch': [ '1.2.6' ],
110 silly audit   '@radix-ui/react-tabs': [ '1.1.13' ],
110 silly audit   '@radix-ui/react-toast': [ '1.2.15' ],
110 silly audit   '@radix-ui/react-toggle': [ '1.1.10' ],
110 silly audit   '@radix-ui/react-toggle-group': [ '1.1.11' ],
110 silly audit   '@radix-ui/react-tooltip': [ '1.2.8' ],
110 silly audit   '@radix-ui/react-use-callback-ref': [ '1.1.1' ],
110 silly audit   '@radix-ui/react-use-controllable-state': [ '1.2.2' ],
110 silly audit   '@radix-ui/react-use-effect-event': [ '0.0.2' ],
110 silly audit   '@radix-ui/react-use-escape-keydown': [ '1.1.1' ],
110 silly audit   '@radix-ui/react-use-is-hydrated': [ '0.1.0' ],
110 silly audit   '@radix-ui/react-use-layout-effect': [ '1.1.1' ],
110 silly audit   '@radix-ui/react-use-previous': [ '1.1.1' ],
110 silly audit   '@radix-ui/react-use-rect': [ '1.1.1' ],
110 silly audit   '@radix-ui/react-use-size': [ '1.1.1' ],
110 silly audit   '@radix-ui/react-visually-hidden': [ '1.2.3' ],
110 silly audit   '@radix-ui/rect': [ '1.1.1' ],
110 silly audit   '@stablelib/base64': [ '1.0.1' ],
110 silly audit   '@swc/helpers': [ '0.5.15' ],
110 silly audit   '@tailwindcss/node': [ '4.2.2' ],
110 silly audit   '@tailwindcss/oxide': [ '4.2.2' ],
110 silly audit   '@tailwindcss/oxide-android-arm64': [ '4.2.2' ],
110 silly audit   '@tailwindcss/oxide-darwin-arm64': [ '4.2.2' ],
110 silly audit   '@tailwindcss/oxide-darwin-x64': [ '4.2.2' ],
110 silly audit   '@tailwindcss/oxide-freebsd-x64': [ '4.2.2' ],
110 silly audit   '@tailwindcss/oxide-linux-arm-gnueabihf': [ '4.2.2' ],
110 silly audit   '@tailwindcss/oxide-linux-arm64-gnu': [ '4.2.2' ],
110 silly audit   '@tailwindcss/oxide-linux-arm64-musl': [ '4.2.2' ],
110 silly audit   '@tailwindcss/oxide-linux-x64-gnu': [ '4.2.2' ],
110 silly audit   '@tailwindcss/oxide-linux-x64-musl': [ '4.2.2' ],
110 silly audit   '@tailwindcss/oxide-wasm32-wasi': [ '4.2.2' ],
110 silly audit   '@tailwindcss/oxide-win32-arm64-msvc': [ '4.2.2' ],
110 silly audit   '@tailwindcss/oxide-win32-x64-msvc': [ '4.2.2' ],
110 silly audit   '@tailwindcss/postcss': [ '4.2.2' ],
110 silly audit   '@tanstack/query-core': [ '5.90.16' ],
110 silly audit   '@types/d3-array': [ '3.2.2' ],
110 silly audit   '@types/d3-color': [ '3.1.3' ],
110 silly audit   '@types/d3-ease': [ '3.0.2' ],
110 silly audit   '@types/d3-interpolate': [ '3.0.4' ],
110 silly audit   '@types/d3-path': [ '3.1.1' ],
110 silly audit   '@types/d3-scale': [ '4.0.9' ],
110 silly audit   '@types/d3-shape': [ '3.1.8' ],
110 silly audit   '@types/d3-time': [ '3.0.4' ],
110 silly audit   '@types/d3-timer': [ '3.0.2' ],
110 silly audit   '@types/node': [ '22.19.17' ],
110 silly audit   '@types/pako': [ '2.0.4' ],
110 silly audit   '@types/raf': [ '3.4.3' ],
110 silly audit   '@types/react': [ '19.2.14' ],
110 silly audit   '@types/react-dom': [ '19.2.3' ],
110 silly audit   '@types/trusted-types': [ '2.0.7' ],
110 silly audit   '@types/webidl-conversions': [ '7.0.3' ],
110 silly audit   '@types/whatwg-url': [ '13.0.0' ],
110 silly audit   '@vercel/analytics': [ '1.6.1' ],
110 silly audit   'aria-hidden': [ '1.2.6' ],
110 silly audit   autoprefixer: [ '10.4.27' ],
110 silly audit   'base64-arraybuffer': [ '1.0.2' ],
110 silly audit   'baseline-browser-mapping': [ '2.10.18' ],
110 silly audit   browserslist: [ '4.28.2' ],
110 silly audit   bson: [ '7.2.0' ],
110 silly audit   'caniuse-lite': [ '1.0.30001787' ],
110 silly audit   canvg: [ '3.0.11' ],
110 silly audit   'class-variance-authority': [ '0.7.1' ],
110 silly audit   'client-only': [ '0.0.1' ],
110 silly audit   clsx: [ '2.1.1' ],
110 silly audit   cmdk: [ '1.1.1' ],
110 silly audit   'core-js': [ '3.49.0' ],
110 silly audit   'css-line-break': [ '2.1.0' ],
110 silly audit   csstype: [ '3.2.3' ],
110 silly audit   'd3-array': [ '3.2.4' ],
110 silly audit   'd3-color': [ '3.1.0' ],
110 silly audit   'd3-ease': [ '3.0.1' ],
110 silly audit   'd3-format': [ '3.1.2' ],
110 silly audit   'd3-interpolate': [ '3.0.1' ],
110 silly audit   'd3-path': [ '3.1.0' ],
110 silly audit   'd3-scale': [ '4.0.2' ],
110 silly audit   'd3-shape': [ '3.2.0' ],
110 silly audit   'd3-time': [ '3.1.0' ],
110 silly audit   'd3-time-format': [ '4.1.0' ],
110 silly audit   'd3-timer': [ '3.0.1' ],
110 silly audit   'date-fns': [ '4.1.0' ],
110 silly audit   'date-fns-jalali': [ '4.1.0-0' ],
110 silly audit   'decimal.js-light': [ '2.5.1' ],
110 silly audit   dequal: [ '2.0.3' ],
110 silly audit   'detect-libc': [ '2.1.2' ],
110 silly audit   'detect-node-es': [ '1.1.0' ],
110 silly audit   'dom-helpers': [ '5.2.1' ],
110 silly audit   dompurify: [ '3.3.3' ],
110 silly audit   'electron-to-chromium': [ '1.5.335' ],
110 silly audit   'embla-carousel': [ '8.6.0' ],
110 silly audit   'embla-carousel-react': [ '8.6.0' ],
110 silly audit   'embla-carousel-reactive-utils': [ '8.6.0' ],
110 silly audit   'enhanced-resolve': [ '5.20.1' ],
110 silly audit   escalade: [ '3.2.0' ],
110 silly audit   eventemitter3: [ '4.0.7' ],
110 silly audit   'fast-equals': [ '5.4.0' ],
110 silly audit   'fast-png': [ '6.4.0' ],
110 silly audit   'fast-sha256': [ '1.3.0' ],
110 silly audit   fflate: [ '0.8.2' ],
110 silly audit   'fraction.js': [ '5.3.4' ],
110 silly audit   'get-nonce': [ '1.0.1' ],
110 silly audit   'glob-to-regexp': [ '0.4.1' ],
110 silly audit   'graceful-fs': [ '4.2.11' ],
110 silly audit   html2canvas: [ '1.4.1' ],
110 silly audit   'input-otp': [ '1.4.2' ],
110 silly audit   internmap: [ '2.0.3' ],
110 silly audit   iobuffer: [ '5.4.0' ],
110 silly audit   jiti: [ '2.6.1' ],
110 silly audit   'js-cookie': [ '3.0.5' ],
110 silly audit   'js-tokens': [ '4.0.0' ],
110 silly audit   jspdf: [ '4.2.1' ],
110 silly audit   'jspdf-autotable': [ '5.0.7' ],
110 silly audit   kareem: [ '3.2.0' ],
110 silly audit   lightningcss: [ '1.32.0' ],
110 silly audit   'lightningcss-android-arm64': [ '1.32.0' ],
110 silly audit   'lightningcss-darwin-arm64': [ '1.32.0' ],
110 silly audit   'lightningcss-darwin-x64': [ '1.32.0' ],
110 silly audit   'lightningcss-freebsd-x64': [ '1.32.0' ],
110 silly audit   'lightningcss-linux-arm-gnueabihf': [ '1.32.0' ],
110 silly audit   'lightningcss-linux-arm64-gnu': [ '1.32.0' ],
110 silly audit   'lightningcss-linux-arm64-musl': [ '1.32.0' ],
110 silly audit   'lightningcss-linux-x64-gnu': [ '1.32.0' ],
110 silly audit   'lightningcss-linux-x64-musl': [ '1.32.0' ],
110 silly audit   'lightningcss-win32-arm64-msvc': [ '1.32.0' ],
110 silly audit   'lightningcss-win32-x64-msvc': [ '1.32.0' ],
110 silly audit   lodash: [ '4.18.1' ],
110 silly audit   'loose-envify': [ '1.4.0' ],
110 silly audit   'lucide-react': [ '0.564.0' ],
110 silly audit   'magic-string': [ '0.30.21' ],
110 silly audit   'memory-pager': [ '1.5.0' ],
110 silly audit   mongodb: [ '7.1.1' ],
110 silly audit   'mongodb-connection-string-url': [ '7.0.1' ],
110 silly audit   mongoose: [ '9.4.1' ],
110 silly audit   mpath: [ '0.9.0' ],
110 silly audit   mquery: [ '6.0.0' ],
110 silly audit   ms: [ '2.1.3' ],
110 silly audit   nanoid: [ '3.3.11' ],
110 silly audit   next: [ '16.2.0' ],
110 silly audit   'next-themes': [ '0.4.6' ],
110 silly audit   postcss: [ '8.4.31', '8.5.9' ],
110 silly audit   'node-releases': [ '2.0.37' ],
110 silly audit   'object-assign': [ '4.1.1' ],
110 silly audit   pako: [ '2.1.0' ],
110 silly audit   'performance-now': [ '2.1.0' ],
110 silly audit   picocolors: [ '1.1.1' ],
110 silly audit   'postcss-value-parser': [ '4.2.0' ],
110 silly audit   'prop-types': [ '15.8.1' ],
110 silly audit   'react-is': [ '16.13.1', '18.3.1' ],
110 silly audit   punycode: [ '2.3.1' ],
110 silly audit   raf: [ '3.4.1' ],
110 silly audit   react: [ '19.2.5' ],
110 silly audit   'react-day-picker': [ '9.13.2' ],
110 silly audit   'react-dom': [ '19.2.5' ],
110 silly audit   'react-hook-form': [ '7.72.1' ],
110 silly audit   'react-remove-scroll': [ '2.7.2' ],
110 silly audit   'react-remove-scroll-bar': [ '2.3.8' ],
110 silly audit   'react-resizable-panels': [ '2.1.9' ],
110 silly audit   'react-smooth': [ '4.0.4' ],
110 silly audit   'react-style-singleton': [ '2.2.3' ],
110 silly audit   'react-transition-group': [ '4.4.5' ],
110 silly audit   recharts: [ '2.15.0' ],
110 silly audit   'recharts-scale': [ '0.4.5' ],
110 silly audit   'regenerator-runtime': [ '0.13.11' ],
110 silly audit   rgbcolor: [ '1.0.1' ],
110 silly audit   scheduler: [ '0.27.0' ],
110 silly audit   semver: [ '7.7.4' ],
110 silly audit   'server-only': [ '0.0.1' ],
110 silly audit   sharp: [ '0.34.5' ],
110 silly audit   sift: [ '17.1.3' ],
110 silly audit   sonner: [ '1.7.4' ],
110 silly audit   'source-map-js': [ '1.2.1' ],
110 silly audit   'sparse-bitfield': [ '3.0.3' ],
110 silly audit   'stackblur-canvas': [ '2.7.0' ],
110 silly audit   standardwebhooks: [ '1.0.0' ],
110 silly audit   'std-env': [ '3.10.0' ],
110 silly audit   'styled-jsx': [ '5.1.6' ],
110 silly audit   'svg-pathdata': [ '6.0.3' ],
110 silly audit   'tailwind-merge': [ '3.5.0' ],
110 silly audit   tailwindcss: [ '4.2.2' ],
110 silly audit   tapable: [ '2.3.2' ],
110 silly audit   'text-segmentation': [ '1.0.3' ],
110 silly audit   'tiny-invariant': [ '1.3.3' ],
110 silly audit   tr46: [ '5.1.1' ],
110 silly audit   tslib: [ '2.8.1' ],
110 silly audit   'tw-animate-css': [ '1.3.3' ],
110 silly audit   typescript: [ '5.7.3' ],
110 silly audit   'undici-types': [ '6.21.0' ],
110 silly audit   'update-browserslist-db': [ '1.2.3' ],
110 silly audit   'use-callback-ref': [ '1.3.3' ],
110 silly audit   'use-sidecar': [ '1.1.3' ],
110 silly audit   'use-sync-external-store': [ '1.6.0' ],
110 silly audit   utrie: [ '1.0.2' ],
110 silly audit   vaul: [ '1.1.2' ],
110 silly audit   'victory-vendor': [ '36.9.2' ],
110 silly audit   'webidl-conversions': [ '7.0.0' ],
110 silly audit   'whatwg-url': [ '14.2.0' ],
110 silly audit   zod: [ '3.25.76' ],
110 silly audit   'ts-node': [ '10.9.2' ],
110 silly audit   '@cspotcode/source-map-support': [ '0.8.1' ],
110 silly audit   '@tsconfig/node10': [ '1.0.12' ],
110 silly audit   '@tsconfig/node12': [ '1.0.11' ],
110 silly audit   '@tsconfig/node14': [ '1.0.3' ],
110 silly audit   '@tsconfig/node16': [ '1.0.4' ],
110 silly audit   acorn: [ '8.16.0' ],
110 silly audit   'acorn-walk': [ '8.3.5' ],
110 silly audit   arg: [ '4.1.3' ],
110 silly audit   'create-require': [ '1.1.1' ],
110 silly audit   diff: [ '4.0.4' ],
110 silly audit   'make-error': [ '1.3.6' ],
110 silly audit   'v8-compile-cache-lib': [ '3.0.1' ],
110 silly audit   yn: [ '3.1.1' ]
110 silly audit }
111 http cache yn@https://registry.npmjs.org/yn/-/yn-3.1.1.tgz 1ms (cache hit)
112 http cache v8-compile-cache-lib@https://registry.npmjs.org/v8-compile-cache-lib/-/v8-compile-cache-lib-3.0.1.tgz 0ms (cache hit)
113 http cache make-error@https://registry.npmjs.org/make-error/-/make-error-1.3.6.tgz 0ms (cache hit)
114 http cache diff@https://registry.npmjs.org/diff/-/diff-4.0.4.tgz 0ms (cache hit)
115 http cache create-require@https://registry.npmjs.org/create-require/-/create-require-1.1.1.tgz 0ms (cache hit)
116 http cache arg@https://registry.npmjs.org/arg/-/arg-4.1.3.tgz 1ms (cache hit)
117 http cache acorn-walk@https://registry.npmjs.org/acorn-walk/-/acorn-walk-8.3.5.tgz 0ms (cache hit)
118 http cache acorn@https://registry.npmjs.org/acorn/-/acorn-8.16.0.tgz 1ms (cache hit)
119 http cache @tsconfig/node16@https://registry.npmjs.org/@tsconfig/node16/-/node16-1.0.4.tgz 1ms (cache hit)
120 http cache @tsconfig/node14@https://registry.npmjs.org/@tsconfig/node14/-/node14-1.0.3.tgz 0ms (cache hit)
121 http cache @tsconfig/node12@https://registry.npmjs.org/@tsconfig/node12/-/node12-1.0.11.tgz 0ms (cache hit)
122 http cache @tsconfig/node10@https://registry.npmjs.org/@tsconfig/node10/-/node10-1.0.12.tgz 0ms (cache hit)
123 http cache @cspotcode/source-map-support@https://registry.npmjs.org/@cspotcode/source-map-support/-/source-map-support-0.8.1.tgz 0ms (cache hit)
124 http cache ts-node@https://registry.npmjs.org/ts-node/-/ts-node-10.9.2.tgz 0ms (cache hit)
125 http cache @jridgewell/trace-mapping@https://registry.npmjs.org/@jridgewell/trace-mapping/-/trace-mapping-0.3.9.tgz 0ms (cache hit)
126 silly tarball no local data for yn@https://registry.npmjs.org/yn/-/yn-3.1.1.tgz. Extracting by manifest.
127 silly tarball no local data for v8-compile-cache-lib@https://registry.npmjs.org/v8-compile-cache-lib/-/v8-compile-cache-lib-3.0.1.tgz. Extracting by manifest.
128 silly tarball no local data for make-error@https://registry.npmjs.org/make-error/-/make-error-1.3.6.tgz. Extracting by manifest.
129 silly tarball no local data for diff@https://registry.npmjs.org/diff/-/diff-4.0.4.tgz. Extracting by manifest.
130 silly tarball no local data for create-require@https://registry.npmjs.org/create-require/-/create-require-1.1.1.tgz. Extracting by manifest.
131 silly tarball no local data for arg@https://registry.npmjs.org/arg/-/arg-4.1.3.tgz. Extracting by manifest.
132 silly tarball no local data for acorn-walk@https://registry.npmjs.org/acorn-walk/-/acorn-walk-8.3.5.tgz. Extracting by manifest.
133 silly tarball no local data for acorn@https://registry.npmjs.org/acorn/-/acorn-8.16.0.tgz. Extracting by manifest.
134 silly tarball no local data for @tsconfig/node16@https://registry.npmjs.org/@tsconfig/node16/-/node16-1.0.4.tgz. Extracting by manifest.
135 silly tarball no local data for @tsconfig/node14@https://registry.npmjs.org/@tsconfig/node14/-/node14-1.0.3.tgz. Extracting by manifest.
136 silly tarball no local data for @tsconfig/node12@https://registry.npmjs.org/@tsconfig/node12/-/node12-1.0.11.tgz. Extracting by manifest.
137 silly tarball no local data for @tsconfig/node10@https://registry.npmjs.org/@tsconfig/node10/-/node10-1.0.12.tgz. Extracting by manifest.
138 silly tarball no local data for @cspotcode/source-map-support@https://registry.npmjs.org/@cspotcode/source-map-support/-/source-map-support-0.8.1.tgz. Extracting by manifest.
139 silly tarball no local data for ts-node@https://registry.npmjs.org/ts-node/-/ts-node-10.9.2.tgz. Extracting by manifest.
140 silly tarball no local data for @jridgewell/trace-mapping@https://registry.npmjs.org/@jridgewell/trace-mapping/-/trace-mapping-0.3.9.tgz. Extracting by manifest.
141 http fetch POST 200 https://registry.npmjs.org/-/npm/v1/security/advisories/bulk 645ms
142 silly audit report {
142 silly audit report   next: [
142 silly audit report     {
142 silly audit report       id: 1116375,
142 silly audit report       url: 'https://github.com/advisories/GHSA-q4gf-8mx6-v5v3',
142 silly audit report       title: 'Next.js has a Denial of Service with Server Components',
142 silly audit report       severity: 'high',
142 silly audit report       vulnerable_versions: '>=16.0.0-beta.0 <16.2.3',
142 silly audit report       cwe: [Array],
142 silly audit report       cvss: [Object]
142 silly audit report     }
142 silly audit report   ]
142 silly audit report }
143 silly packumentCache corgi:https://registry.npmjs.org/next cache-miss
144 http fetch GET 200 https://registry.npmjs.org/yn/-/yn-3.1.1.tgz 1218ms (cache miss)
145 http fetch GET 200 https://registry.npmjs.org/v8-compile-cache-lib/-/v8-compile-cache-lib-3.0.1.tgz 1340ms (cache miss)
146 http cache https://registry.npmjs.org/next 966ms (cache hit)
147 silly packumentCache corgi:https://registry.npmjs.org/next set size:24657972 disposed:false
148 silly packumentCache corgi:https://registry.npmjs.org/@clerk%2fnextjs cache-miss
149 silly packumentCache corgi:https://registry.npmjs.org/@vercel%2fanalytics cache-miss
150 http fetch GET 200 https://registry.npmjs.org/@tsconfig/node12/-/node12-1.0.11.tgz 2681ms (cache miss)
151 http fetch GET 200 https://registry.npmjs.org/@tsconfig/node16/-/node16-1.0.4.tgz 2708ms (cache miss)
152 http fetch GET 200 https://registry.npmjs.org/create-require/-/create-require-1.1.1.tgz 2729ms (cache miss)
153 http fetch GET 200 https://registry.npmjs.org/make-error/-/make-error-1.3.6.tgz 2822ms (cache miss)
154 http fetch GET 200 https://registry.npmjs.org/@tsconfig/node14/-/node14-1.0.3.tgz 2823ms (cache miss)
155 http fetch GET 200 https://registry.npmjs.org/arg/-/arg-4.1.3.tgz 2841ms (cache miss)
156 http fetch GET 200 https://registry.npmjs.org/@tsconfig/node10/-/node10-1.0.12.tgz 2833ms (cache miss)
157 http cache https://registry.npmjs.org/@vercel%2fanalytics 227ms (cache hit)
158 silly packumentCache corgi:https://registry.npmjs.org/@vercel%2fanalytics set size:93044 disposed:false
159 http cache https://registry.npmjs.org/@clerk%2fnextjs 315ms (cache hit)
160 silly packumentCache corgi:https://registry.npmjs.org/@clerk%2fnextjs set size:7252220 disposed:false
161 http fetch GET 200 https://registry.npmjs.org/acorn-walk/-/acorn-walk-8.3.5.tgz 3245ms (cache miss)
162 http fetch GET 200 https://registry.npmjs.org/@cspotcode/source-map-support/-/source-map-support-0.8.1.tgz 3318ms (cache miss)
163 http fetch GET 200 https://registry.npmjs.org/@jridgewell/trace-mapping/-/trace-mapping-0.3.9.tgz 3363ms (cache miss)
164 http fetch GET 200 https://registry.npmjs.org/acorn/-/acorn-8.16.0.tgz 3434ms (cache miss)
165 http fetch GET 200 https://registry.npmjs.org/diff/-/diff-4.0.4.tgz 3585ms (cache miss)
166 http fetch GET 200 https://registry.npmjs.org/ts-node/-/ts-node-10.9.2.tgz 3927ms (cache miss)
167 silly ADD node_modules/yn
168 silly ADD node_modules/v8-compile-cache-lib
169 silly ADD node_modules/make-error
170 silly ADD node_modules/diff
171 silly ADD node_modules/create-require
172 silly ADD node_modules/arg
173 silly ADD node_modules/acorn-walk
174 silly ADD node_modules/acorn
175 silly ADD node_modules/@tsconfig/node16
176 silly ADD node_modules/@tsconfig/node14
177 silly ADD node_modules/@tsconfig/node12
178 silly ADD node_modules/@tsconfig/node10
179 silly ADD node_modules/@cspotcode/source-map-support
180 silly ADD node_modules/@cspotcode/source-map-support/node_modules/@jridgewell/trace-mapping
181 silly ADD node_modules/ts-node
182 verbose cwd D:\waler
183 verbose os Windows_NT 10.0.18363
184 verbose node v24.12.0
185 verbose npm  v11.6.2
186 verbose exit 0
187 info ok
